<!DOCTYPE html>
<!--
 | Generated by Apache Maven Doxia at 2017-01-25
 | Rendered using Apache Maven Fluido Skin 1.3.0
-->
<html xmlns="http://www.w3.org/1999/xhtml" xml:lang="en" lang="en">
  <head>
    <meta charset="UTF-8" />
    <meta name="viewport" content="width=device-width, initial-scale=1.0" />
    <meta name="Date-Revision-yyyymmdd" content="20170125" />
    <meta http-equiv="Content-Language" content="en" />
    <title>Multi Module Maven Release Plugin &#x2013; Surefire Report</title>
    <link rel="stylesheet" href="./css/apache-maven-fluido-1.3.0.min.css" />
    <link rel="stylesheet" href="./css/site.css" />
    <link rel="stylesheet" href="./css/print.css" media="print" />

      
    <script type="text/javascript" src="./js/apache-maven-fluido-1.3.0.min.js"></script>

    
            </head>
        <body class="topBarEnabled">
          
    
    
            
    
        
    <a href="http://github.com/danielflower/multi-module-maven-release-plugin">
      <img style="position: absolute; top: 0; right: 0; border: 0; z-index: 10000;"
        src="https://s3.amazonaws.com/github/ribbons/forkme_right_gray_6d6d6d.png"
        alt="Fork me on GitHub">
    </a>
  
                
                    
                

    <div id="topbar" class="navbar navbar-fixed-top ">
      <div class="navbar-inner">
                <div class="container-fluid">
        <a data-target=".nav-collapse" data-toggle="collapse" class="btn btn-navbar">
          <span class="icon-bar"></span>
          <span class="icon-bar"></span>
          <span class="icon-bar"></span>
        </a>
                
                                <ul class="nav">
                          <li class="dropdown">
        <a href="#" class="dropdown-toggle" data-toggle="dropdown">Overview <b class="caret"></b></a>
        <ul class="dropdown-menu">
        
                      <li>      <a href="index.html"  title="Introduction">Introduction</a>
</li>
                  
                      <li>      <a href="plugin-info.html"  title="Goals">Goals</a>
</li>
                  
                      <li>      <a href="usage.html"  title="Usage">Usage</a>
</li>
                  
                      <li>      <a href="FAQ.html"  title="FAQ">FAQ</a>
</li>
                  
                      <li>      <a href="changelog.html"  title="Changelog">Changelog</a>
</li>
                          </ul>
      </li>
                <li class="dropdown">
        <a href="#" class="dropdown-toggle" data-toggle="dropdown">Project Documentation <b class="caret"></b></a>
        <ul class="dropdown-menu">
        
                      <li class="dropdown-submenu">
                                      <a href="project-info.html"  title="Project Information">Project Information</a>
              <ul class="dropdown-menu">
                                  <li>      <a href="team-list.html"  title="Team">Team</a>
</li>
                                  <li>      <a href="integration.html"  title="CI Management">CI Management</a>
</li>
                                  <li>      <a href="issue-tracking.html"  title="Issue Management">Issue Management</a>
</li>
                                  <li>      <a href="license.html"  title="Licenses">Licenses</a>
</li>
                                  <li>      <a href="source-repository.html"  title="Source Code Management">Source Code Management</a>
</li>
                              </ul>
            </li>
                  
                      <li class="dropdown-submenu">
                                      <a href="project-reports.html"  title="Project Reports">Project Reports</a>
              <ul class="dropdown-menu">
                                  <li>      <a href="plugin-info.html"  title="Plugin Documentation">Plugin Documentation</a>
</li>
                                  <li>      <a href="surefire-report.html"  title="Surefire Report">Surefire Report</a>
</li>
                              </ul>
            </li>
                          </ul>
      </li>
                  </ul>
          
          
          
                   
                      </div>
          
        </div>
      </div>
    </div>
    
        <div class="container-fluid">
          <div id="banner">
        <div class="pull-left">
                                <div id="bannerLeft">
                <h2>Multi Module Maven Release Plugin</h2>
                </div>
                      </div>
        <div class="pull-right">  </div>
        <div class="clear"><hr/></div>
      </div>

      <div id="breadcrumbs">
        <ul class="breadcrumb">
                
                    
                  <li id="publishDate">Last Published: 2017-01-25</li>
                  <li class="divider">|</li> <li id="projectVersion">Version: 2.1.1</li>
                      
                
                    
      
                            </ul>
      </div>

            
      <div class="row-fluid">
        <div id="leftColumn" class="span3">
          <div class="well sidebar-nav">
                
                    
                <ul class="nav nav-list">
                    <li class="nav-header">Overview</li>
                                
      <li>
    
                          <a href="index.html" title="Introduction">
          <i class="none"></i>
        Introduction</a>
            </li>
                  
      <li>
    
                          <a href="plugin-info.html" title="Goals">
          <i class="none"></i>
        Goals</a>
            </li>
                  
      <li>
    
                          <a href="usage.html" title="Usage">
          <i class="none"></i>
        Usage</a>
            </li>
                  
      <li>
    
                          <a href="FAQ.html" title="FAQ">
          <i class="none"></i>
        FAQ</a>
            </li>
                  
      <li>
    
                          <a href="changelog.html" title="Changelog">
          <i class="none"></i>
        Changelog</a>
            </li>
                              <li class="nav-header">Project Documentation</li>
                                                                                                                                                          
      <li>
    
                          <a href="project-info.html" title="Project Information">
          <i class="icon-chevron-right"></i>
        Project Information</a>
                  </li>
                                                                                                
      <li>
    
                          <a href="project-reports.html" title="Project Reports">
          <i class="icon-chevron-down"></i>
        Project Reports</a>
                    <ul class="nav nav-list">
                      
      <li>
    
                          <a href="plugin-info.html" title="Plugin Documentation">
          <i class="none"></i>
        Plugin Documentation</a>
            </li>
                      
      <li class="active">
    
            <a href="#"><i class="none"></i>Surefire Report</a>
          </li>
              </ul>
        </li>
            </ul>
                
                    
                
          <hr class="divider" />

           <div id="poweredBy">
                            <div class="clear"></div>
                            <div class="clear"></div>
                            <div class="clear"></div>
                             <a href="http://maven.apache.org/" title="Built by Maven" class="poweredBy">
        <img class="builtBy" alt="Built by Maven" src="./images/logos/maven-feather.png" />
      </a>
                  </div>
          </div>
        </div>
        
                
        <div id="bodyColumn"  class="span9" >
                                  
            <script type="text/javascript">
//<![CDATA[
function toggleDisplay(elementId) {
 var elm = document.getElementById(elementId + 'error');
 if (elm && typeof elm.style != "undefined") {
 if (elm.style.display == "none") {
 elm.style.display = "";
 document.getElementById(elementId + 'off').style.display = "none";
 document.getElementById(elementId + 'on').style.display = "inline";
 } else if (elm.style.display == "") { elm.style.display = "none";
 document.getElementById(elementId + 'off').style.display = "inline";
 document.getElementById(elementId + 'on').style.display = "none";
 } 
 } 
 }
//]]>
</script>
<div class="section">
<h2><a name="Surefire_Report"></a>Surefire Report</h2></div>
<div class="section">
<h2><a name="Summary"></a>Summary</h2><a name="Summary"></a>
<p>[<a href="#Summary">Summary</a>] [<a href="#Package_List">Package List</a>] [<a href="#Test_Cases">Test Cases</a>]</p><br />
<table border="1" class="table table-striped">
<tr class="a">
<th>Tests</th>
<th>Errors </th>
<th>Failures</th>
<th>Skipped</th>
<th>Success Rate</th>
<th>Time</th></tr>
<tr class="b">
<td>99</td>
<td>0</td>
<td>3</td>
<td>0</td>
<td>96.97%</td>
<td>774.63</td></tr></table><br />
<p>Note: failures are anticipated and checked for with assertions while errors are unanticipated.</p><br /></div>
<div class="section">
<h2><a name="Package_List"></a>Package List</h2><a name="Package_List"></a>
<p>[<a href="#Summary">Summary</a>] [<a href="#Package_List">Package List</a>] [<a href="#Test_Cases">Test Cases</a>]</p><br />
<table border="1" class="table table-striped">
<tr class="a">
<th>Package</th>
<th>Tests</th>
<th>Errors </th>
<th>Failures</th>
<th>Skipped</th>
<th>Success Rate</th>
<th>Time</th></tr>
<tr class="b">
<td><a href="#e2e">e2e</a></td>
<td>53</td>
<td>0</td>
<td>3</td>
<td>0</td>
<td>94.34%</td>
<td>764.472</td></tr>
<tr class="a">
<td><a href="#com.github.danielflower.mavenplugins.release">com.github.danielflower.mavenplugins.release</a></td>
<td>46</td>
<td>0</td>
<td>0</td>
<td>0</td>
<td>100%</td>
<td>10.158</td></tr></table><br />
<p>Note: package statistics are not computed recursively, they only sum up all of its testsuites numbers.</p>
<div class="section">
<h3><a name="e2e"></a>e2e</h3><a name="e2e"></a>
<table border="1" class="table table-striped">
<tr class="a">
<th></th>
<th>Class</th>
<th>Tests</th>
<th>Errors </th>
<th>Failures</th>
<th>Skipped</th>
<th>Success Rate</th>
<th>Time</th></tr>
<tr class="b">
<td><a href="#e2eExecutionTest"><img src="images/icon_success_sml.gif" alt="" /></a></td>
<td><a href="#e2eExecutionTest">ExecutionTest</a></td>
<td>3</td>
<td>0</td>
<td>0</td>
<td>0</td>
<td>100%</td>
<td>35.408</td></tr>
<tr class="a">
<td><a href="#e2eGitRelatedTest"><img src="images/icon_success_sml.gif" alt="" /></a></td>
<td><a href="#e2eGitRelatedTest">GitRelatedTest</a></td>
<td>4</td>
<td>0</td>
<td>0</td>
<td>0</td>
<td>100%</td>
<td>20.849</td></tr>
<tr class="b">
<td><a href="#e2eHelpTest"><img src="images/icon_success_sml.gif" alt="" /></a></td>
<td><a href="#e2eHelpTest">HelpTest</a></td>
<td>2</td>
<td>0</td>
<td>0</td>
<td>0</td>
<td>100%</td>
<td>7.098</td></tr>
<tr class="a">
<td><a href="#e2eIndependentVersionsTest"><img src="images/icon_success_sml.gif" alt="" /></a></td>
<td><a href="#e2eIndependentVersionsTest">IndependentVersionsTest</a></td>
<td>3</td>
<td>0</td>
<td>0</td>
<td>0</td>
<td>100%</td>
<td>39.472</td></tr>
<tr class="b">
<td><a href="#e2eInheritedVersionsTest"><img src="images/icon_success_sml.gif" alt="" /></a></td>
<td><a href="#e2eInheritedVersionsTest">InheritedVersionsTest</a></td>
<td>2</td>
<td>0</td>
<td>0</td>
<td>0</td>
<td>100%</td>
<td>34.323</td></tr>
<tr class="a">
<td><a href="#e2eJGitDiscoveryTest"><img src="images/icon_success_sml.gif" alt="" /></a></td>
<td><a href="#e2eJGitDiscoveryTest">JGitDiscoveryTest</a></td>
<td>3</td>
<td>0</td>
<td>0</td>
<td>0</td>
<td>100%</td>
<td>0.348</td></tr>
<tr class="b">
<td><a href="#e2eMavenCompatibilityTest"><img src="images/icon_success_sml.gif" alt="" /></a></td>
<td><a href="#e2eMavenCompatibilityTest">MavenCompatibilityTest</a></td>
<td>4</td>
<td>0</td>
<td>0</td>
<td>0</td>
<td>100%</td>
<td>84.906</td></tr>
<tr class="a">
<td><a href="#e2eNestedModulesTest"><img src="images/icon_success_sml.gif" alt="" /></a></td>
<td><a href="#e2eNestedModulesTest">NestedModulesTest</a></td>
<td>2</td>
<td>0</td>
<td>0</td>
<td>0</td>
<td>100%</td>
<td>92.531</td></tr>
<tr class="b">
<td><a href="#e2eNextMojoTest"><img src="images/icon_warning_sml.gif" alt="" /></a></td>
<td><a href="#e2eNextMojoTest">NextMojoTest</a></td>
<td>5</td>
<td>0</td>
<td>1</td>
<td>0</td>
<td>80%</td>
<td>77.343</td></tr>
<tr class="a">
<td><a href="#e2eParentAsSiblingTest"><img src="images/icon_success_sml.gif" alt="" /></a></td>
<td><a href="#e2eParentAsSiblingTest">ParentAsSiblingTest</a></td>
<td>2</td>
<td>0</td>
<td>0</td>
<td>0</td>
<td>100%</td>
<td>35.356</td></tr>
<tr class="b">
<td><a href="#e2ePartialReleaseTest"><img src="images/icon_success_sml.gif" alt="" /></a></td>
<td><a href="#e2ePartialReleaseTest">PartialReleaseTest</a></td>
<td>3</td>
<td>0</td>
<td>0</td>
<td>0</td>
<td>100%</td>
<td>43.873</td></tr>
<tr class="a">
<td><a href="#e2eSingleModuleTest"><img src="images/icon_success_sml.gif" alt="" /></a></td>
<td><a href="#e2eSingleModuleTest">SingleModuleTest</a></td>
<td>5</td>
<td>0</td>
<td>0</td>
<td>0</td>
<td>100%</td>
<td>89.869</td></tr>
<tr class="b">
<td><a href="#e2eSkippingUnchangedModulesTest"><img src="images/icon_warning_sml.gif" alt="" /></a></td>
<td><a href="#e2eSkippingUnchangedModulesTest">SkippingUnchangedModulesTest</a></td>
<td>6</td>
<td>0</td>
<td>2</td>
<td>0</td>
<td>66.667%</td>
<td>125.612</td></tr>
<tr class="a">
<td><a href="#e2eTestRunningTest"><img src="images/icon_success_sml.gif" alt="" /></a></td>
<td><a href="#e2eTestRunningTest">TestRunningTest</a></td>
<td>2</td>
<td>0</td>
<td>0</td>
<td>0</td>
<td>100%</td>
<td>17.484</td></tr>
<tr class="b">
<td><a href="#e2eValidationTest"><img src="images/icon_success_sml.gif" alt="" /></a></td>
<td><a href="#e2eValidationTest">ValidationTest</a></td>
<td>7</td>
<td>0</td>
<td>0</td>
<td>0</td>
<td>100%</td>
<td>60</td></tr></table></div>
<div class="section">
<h3><a name="com.github.danielflower.mavenplugins.release"></a>com.github.danielflower.mavenplugins.release</h3><a name="com.github.danielflower.mavenplugins.release"></a>
<table border="1" class="table table-striped">
<tr class="a">
<th></th>
<th>Class</th>
<th>Tests</th>
<th>Errors </th>
<th>Failures</th>
<th>Skipped</th>
<th>Success Rate</th>
<th>Time</th></tr>
<tr class="b">
<td><a href="#com.github.danielflower.mavenplugins.releaseAnnotatedTagFinderTest"><img src="images/icon_success_sml.gif" alt="" /></a></td>
<td><a href="#com.github.danielflower.mavenplugins.releaseAnnotatedTagFinderTest">AnnotatedTagFinderTest</a></td>
<td>4</td>
<td>0</td>
<td>0</td>
<td>0</td>
<td>100%</td>
<td>3.167</td></tr>
<tr class="a">
<td><a href="#com.github.danielflower.mavenplugins.releaseAnnotatedTagTest"><img src="images/icon_success_sml.gif" alt="" /></a></td>
<td><a href="#com.github.danielflower.mavenplugins.releaseAnnotatedTagTest">AnnotatedTagTest</a></td>
<td>3</td>
<td>0</td>
<td>0</td>
<td>0</td>
<td>100%</td>
<td>0.965</td></tr>
<tr class="b">
<td><a href="#com.github.danielflower.mavenplugins.releaseBaseMojoTest"><img src="images/icon_success_sml.gif" alt="" /></a></td>
<td><a href="#com.github.danielflower.mavenplugins.releaseBaseMojoTest">BaseMojoTest</a></td>
<td>7</td>
<td>0</td>
<td>0</td>
<td>0</td>
<td>100%</td>
<td>0.053</td></tr>
<tr class="a">
<td><a href="#com.github.danielflower.mavenplugins.releaseDiffDetectorTest"><img src="images/icon_success_sml.gif" alt="" /></a></td>
<td><a href="#com.github.danielflower.mavenplugins.releaseDiffDetectorTest">DiffDetectorTest</a></td>
<td>4</td>
<td>0</td>
<td>0</td>
<td>0</td>
<td>100%</td>
<td>3.291</td></tr>
<tr class="b">
<td><a href="#com.github.danielflower.mavenplugins.releaseLocalGitRepoTest"><img src="images/icon_success_sml.gif" alt="" /></a></td>
<td><a href="#com.github.danielflower.mavenplugins.releaseLocalGitRepoTest">LocalGitRepoTest</a></td>
<td>4</td>
<td>0</td>
<td>0</td>
<td>0</td>
<td>100%</td>
<td>2.624</td></tr>
<tr class="a">
<td><a href="#com.github.danielflower.mavenplugins.releaseReactorTest"><img src="images/icon_success_sml.gif" alt="" /></a></td>
<td><a href="#com.github.danielflower.mavenplugins.releaseReactorTest">ReactorTest</a></td>
<td>4</td>
<td>0</td>
<td>0</td>
<td>0</td>
<td>100%</td>
<td>0.006</td></tr>
<tr class="b">
<td><a href="#com.github.danielflower.mavenplugins.releaseReleasableModuleTest"><img src="images/icon_success_sml.gif" alt="" /></a></td>
<td><a href="#com.github.danielflower.mavenplugins.releaseReleasableModuleTest">ReleasableModuleTest</a></td>
<td>2</td>
<td>0</td>
<td>0</td>
<td>0</td>
<td>100%</td>
<td>0</td></tr>
<tr class="a">
<td><a href="#com.github.danielflower.mavenplugins.releaseReleaseInvokerTest"><img src="images/icon_success_sml.gif" alt="" /></a></td>
<td><a href="#com.github.danielflower.mavenplugins.releaseReleaseInvokerTest">ReleaseInvokerTest</a></td>
<td>13</td>
<td>0</td>
<td>0</td>
<td>0</td>
<td>100%</td>
<td>0.036</td></tr>
<tr class="b">
<td><a href="#com.github.danielflower.mavenplugins.releaseSshAgentSessionFactoryTest"><img src="images/icon_success_sml.gif" alt="" /></a></td>
<td><a href="#com.github.danielflower.mavenplugins.releaseSshAgentSessionFactoryTest">SshAgentSessionFactoryTest</a></td>
<td>1</td>
<td>0</td>
<td>0</td>
<td>0</td>
<td>100%</td>
<td>0.016</td></tr>
<tr class="a">
<td><a href="#com.github.danielflower.mavenplugins.releaseVersionNamerTest"><img src="images/icon_success_sml.gif" alt="" /></a></td>
<td><a href="#com.github.danielflower.mavenplugins.releaseVersionNamerTest">VersionNamerTest</a></td>
<td>4</td>
<td>0</td>
<td>0</td>
<td>0</td>
<td>100%</td>
<td>0</td></tr></table></div><br /></div>
<div class="section">
<h2><a name="Test_Cases"></a>Test Cases</h2><a name="Test_Cases"></a>
<p>[<a href="#Summary">Summary</a>] [<a href="#Package_List">Package List</a>] [<a href="#Test_Cases">Test Cases</a>]</p>
<div class="section">
<h3><a name="AnnotatedTagFinderTest"></a>AnnotatedTagFinderTest</h3><a name="com.github.danielflower.mavenplugins.releaseAnnotatedTagFinderTest"></a>
<table border="1" class="table table-striped">
<tr class="a">
<td><img src="images/icon_success_sml.gif" alt="" /></td>
<td><a name="TC_com.github.danielflower.mavenplugins.release.AnnotatedTagFinderTest.returnsMultipleTagsOnASingleCommit"></a>returnsMultipleTagsOnASingleCommit</td>
<td>2.135</td></tr>
<tr class="b">
<td><img src="images/icon_success_sml.gif" alt="" /></td>
<td><a name="TC_com.github.danielflower.mavenplugins.release.AnnotatedTagFinderTest.canRecogniseTagsThatArePotentiallyOfTheSameVersion"></a>canRecogniseTagsThatArePotentiallyOfTheSameVersion</td>
<td>0</td></tr>
<tr class="a">
<td><img src="images/icon_success_sml.gif" alt="" /></td>
<td><a name="TC_com.github.danielflower.mavenplugins.release.AnnotatedTagFinderTest.versionNamerCaresNotForOrderOfTags"></a>versionNamerCaresNotForOrderOfTags</td>
<td>0.002</td></tr>
<tr class="b">
<td><img src="images/icon_success_sml.gif" alt="" /></td>
<td><a name="TC_com.github.danielflower.mavenplugins.release.AnnotatedTagFinderTest.findsTheLatestCommitWhereThereHaveBeenNoBranches"></a>findsTheLatestCommitWhereThereHaveBeenNoBranches</td>
<td>1.03</td></tr></table></div>
<div class="section">
<h3><a name="AnnotatedTagTest"></a>AnnotatedTagTest</h3><a name="com.github.danielflower.mavenplugins.releaseAnnotatedTagTest"></a>
<table border="1" class="table table-striped">
<tr class="a">
<td><img src="images/icon_success_sml.gif" alt="" /></td>
<td><a name="TC_com.github.danielflower.mavenplugins.release.AnnotatedTagTest.ifATagIsSavedWithoutJsonThenTheVersionIsSetTo0Dot0"></a>ifATagIsSavedWithoutJsonThenTheVersionIsSetTo0Dot0</td>
<td>0.529</td></tr>
<tr class="b">
<td><img src="images/icon_success_sml.gif" alt="" /></td>
<td><a name="TC_com.github.danielflower.mavenplugins.release.AnnotatedTagTest.gettersReturnValuesPassedIn"></a>gettersReturnValuesPassedIn</td>
<td>0</td></tr>
<tr class="a">
<td><img src="images/icon_success_sml.gif" alt="" /></td>
<td><a name="TC_com.github.danielflower.mavenplugins.release.AnnotatedTagTest.aTagCanBeCreatedFromAGitTag"></a>aTagCanBeCreatedFromAGitTag</td>
<td>0.436</td></tr></table></div>
<div class="section">
<h3><a name="BaseMojoTest"></a>BaseMojoTest</h3><a name="com.github.danielflower.mavenplugins.releaseBaseMojoTest"></a>
<table border="1" class="table table-striped">
<tr class="a">
<td><img src="images/icon_success_sml.gif" alt="" /></td>
<td><a name="TC_com.github.danielflower.mavenplugins.release.BaseMojoTest.configureJsch_PomIdentityFile"></a>configureJsch_PomIdentityFile</td>
<td>0.035</td></tr>
<tr class="b">
<td><img src="images/icon_success_sml.gif" alt="" /></td>
<td><a name="TC_com.github.danielflower.mavenplugins.release.BaseMojoTest.configureJsch_SshAgentDisabled"></a>configureJsch_SshAgentDisabled</td>
<td>0</td></tr>
<tr class="a">
<td><img src="images/icon_success_sml.gif" alt="" /></td>
<td><a name="TC_com.github.danielflower.mavenplugins.release.BaseMojoTest.configureJsch_SettingsIdentityFile"></a>configureJsch_SettingsIdentityFile</td>
<td>0.005</td></tr>
<tr class="b">
<td><img src="images/icon_success_sml.gif" alt="" /></td>
<td><a name="TC_com.github.danielflower.mavenplugins.release.BaseMojoTest.configureJsch_CustomKnownHosts"></a>configureJsch_CustomKnownHosts</td>
<td>0</td></tr>
<tr class="a">
<td><img src="images/icon_success_sml.gif" alt="" /></td>
<td><a name="TC_com.github.danielflower.mavenplugins.release.BaseMojoTest.configureJsch_CustomIdentityOverridesPom"></a>configureJsch_CustomIdentityOverridesPom</td>
<td>0</td></tr>
<tr class="b">
<td><img src="images/icon_success_sml.gif" alt="" /></td>
<td><a name="TC_com.github.danielflower.mavenplugins.release.BaseMojoTest.configureJsch_ServerIdDoesNotExist"></a>configureJsch_ServerIdDoesNotExist</td>
<td>0.012</td></tr>
<tr class="a">
<td><img src="images/icon_success_sml.gif" alt="" /></td>
<td><a name="TC_com.github.danielflower.mavenplugins.release.BaseMojoTest.configureJsch_CustomPassphraseOverridesPom"></a>configureJsch_CustomPassphraseOverridesPom</td>
<td>0.001</td></tr></table></div>
<div class="section">
<h3><a name="DiffDetectorTest"></a>DiffDetectorTest</h3><a name="com.github.danielflower.mavenplugins.releaseDiffDetectorTest"></a>
<table border="1" class="table table-striped">
<tr class="a">
<td><img src="images/icon_success_sml.gif" alt="" /></td>
<td><a name="TC_com.github.danielflower.mavenplugins.release.DiffDetectorTest.canDetectThingsInTheRoot"></a>canDetectThingsInTheRoot</td>
<td>0.642</td></tr>
<tr class="b">
<td><img src="images/icon_success_sml.gif" alt="" /></td>
<td><a name="TC_com.github.danielflower.mavenplugins.release.DiffDetectorTest.canIgnoreModuleFolders"></a>canIgnoreModuleFolders</td>
<td>0.974</td></tr>
<tr class="a">
<td><img src="images/icon_success_sml.gif" alt="" /></td>
<td><a name="TC_com.github.danielflower.mavenplugins.release.DiffDetectorTest.canDetectIfFilesHaveBeenChangedForAModuleSinceSomeSpecificTag"></a>canDetectIfFilesHaveBeenChangedForAModuleSinceSomeSpecificTag</td>
<td>0.874</td></tr>
<tr class="b">
<td><img src="images/icon_success_sml.gif" alt="" /></td>
<td><a name="TC_com.github.danielflower.mavenplugins.release.DiffDetectorTest.canDetectChangesAfterTheLastTag"></a>canDetectChangesAfterTheLastTag</td>
<td>0.801</td></tr></table></div>
<div class="section">
<h3><a name="LocalGitRepoTest"></a>LocalGitRepoTest</h3><a name="com.github.danielflower.mavenplugins.releaseLocalGitRepoTest"></a>
<table border="1" class="table table-striped">
<tr class="a">
<td><img src="images/icon_success_sml.gif" alt="" /></td>
<td><a name="TC_com.github.danielflower.mavenplugins.release.LocalGitRepoTest.canHaveManyTags"></a>canHaveManyTags</td>
<td>2.538</td></tr>
<tr class="b">
<td><img src="images/icon_success_sml.gif" alt="" /></td>
<td><a name="TC_com.github.danielflower.mavenplugins.release.LocalGitRepoTest.canDetectRemoteTags"></a>canDetectRemoteTags</td>
<td>0.024</td></tr>
<tr class="a">
<td><img src="images/icon_success_sml.gif" alt="" /></td>
<td><a name="TC_com.github.danielflower.mavenplugins.release.LocalGitRepoTest.canDetectLocalTags"></a>canDetectLocalTags</td>
<td>0.034</td></tr>
<tr class="b">
<td><img src="images/icon_success_sml.gif" alt="" /></td>
<td><a name="TC_com.github.danielflower.mavenplugins.release.LocalGitRepoTest.usesThePassedInScmUrlToFindRemote"></a>usesThePassedInScmUrlToFindRemote</td>
<td>0.028</td></tr></table></div>
<div class="section">
<h3><a name="ReactorTest"></a>ReactorTest</h3><a name="com.github.danielflower.mavenplugins.releaseReactorTest"></a>
<table border="1" class="table table-striped">
<tr class="a">
<td><img src="images/icon_success_sml.gif" alt="" /></td>
<td><a name="TC_com.github.danielflower.mavenplugins.release.ReactorTest.ifNotFoundThenAUnresolvedSnapshotDependencyExceptionIsThrown"></a>ifNotFoundThenAUnresolvedSnapshotDependencyExceptionIsThrown</td>
<td>0.004</td></tr>
<tr class="b">
<td><img src="images/icon_success_sml.gif" alt="" /></td>
<td><a name="TC_com.github.danielflower.mavenplugins.release.ReactorTest.returnsTheLatestTagIfThereAreChanges"></a>returnsTheLatestTagIfThereAreChanges</td>
<td>0.001</td></tr>
<tr class="a">
<td><img src="images/icon_success_sml.gif" alt="" /></td>
<td><a name="TC_com.github.danielflower.mavenplugins.release.ReactorTest.findOrReturnNullReturnsNullIfNotFound"></a>findOrReturnNullReturnsNullIfNotFound</td>
<td>0.001</td></tr>
<tr class="b">
<td><img src="images/icon_success_sml.gif" alt="" /></td>
<td><a name="TC_com.github.danielflower.mavenplugins.release.ReactorTest.canFindModulesByGroupAndArtifactName"></a>canFindModulesByGroupAndArtifactName</td>
<td>0</td></tr></table></div>
<div class="section">
<h3><a name="ReleasableModuleTest"></a>ReleasableModuleTest</h3><a name="com.github.danielflower.mavenplugins.releaseReleasableModuleTest"></a>
<table border="1" class="table table-striped">
<tr class="a">
<td><img src="images/icon_success_sml.gif" alt="" /></td>
<td><a name="TC_com.github.danielflower.mavenplugins.release.ReleasableModuleTest.aReleaseableModuleCanBeCreatedFromAnUnreleasableOne"></a>aReleaseableModuleCanBeCreatedFromAnUnreleasableOne</td>
<td>0</td></tr>
<tr class="b">
<td><img src="images/icon_success_sml.gif" alt="" /></td>
<td><a name="TC_com.github.danielflower.mavenplugins.release.ReleasableModuleTest.getsTheTagFromTheArtifactAndVersion"></a>getsTheTagFromTheArtifactAndVersion</td>
<td>0</td></tr></table></div>
<div class="section">
<h3><a name="ReleaseInvokerTest"></a>ReleaseInvokerTest</h3><a name="com.github.danielflower.mavenplugins.releaseReleaseInvokerTest"></a>
<table border="1" class="table table-striped">
<tr class="a">
<td><img src="images/icon_success_sml.gif" alt="" /></td>
<td><a name="TC_com.github.danielflower.mavenplugins.release.ReleaseInvokerTest.runMavenBuild_BaseTest"></a>runMavenBuild_BaseTest</td>
<td>0.008</td></tr>
<tr class="b">
<td><img src="images/icon_success_sml.gif" alt="" /></td>
<td><a name="TC_com.github.danielflower.mavenplugins.release.ReleaseInvokerTest.runMavenBuild_WithReleasableModule"></a>runMavenBuild_WithReleasableModule</td>
<td>0.001</td></tr>
<tr class="a">
<td><img src="images/icon_success_sml.gif" alt="" /></td>
<td><a name="TC_com.github.danielflower.mavenplugins.release.ReleaseInvokerTest.runMavenBuild_WithUserSettings"></a>runMavenBuild_WithUserSettings</td>
<td>0.001</td></tr>
<tr class="b">
<td><img src="images/icon_success_sml.gif" alt="" /></td>
<td><a name="TC_com.github.danielflower.mavenplugins.release.ReleaseInvokerTest.runMavenBuild_UserImplicitlyWantsThisToBeReleased"></a>runMavenBuild_UserImplicitlyWantsThisToBeReleased</td>
<td>0.002</td></tr>
<tr class="a">
<td><img src="images/icon_success_sml.gif" alt="" /></td>
<td><a name="TC_com.github.danielflower.mavenplugins.release.ReleaseInvokerTest.runMavenBuild_WithGoals"></a>runMavenBuild_WithGoals</td>
<td>0.002</td></tr>
<tr class="b">
<td><img src="images/icon_success_sml.gif" alt="" /></td>
<td><a name="TC_com.github.danielflower.mavenplugins.release.ReleaseInvokerTest.runMavenBuild_WithActiveProfiles"></a>runMavenBuild_WithActiveProfiles</td>
<td>0.002</td></tr>
<tr class="a">
<td><img src="images/icon_success_sml.gif" alt="" /></td>
<td><a name="TC_com.github.danielflower.mavenplugins.release.ReleaseInvokerTest.runMavenBuild_WithGlobalSettings"></a>runMavenBuild_WithGlobalSettings</td>
<td>0.001</td></tr>
<tr class="b">
<td><img src="images/icon_success_sml.gif" alt="" /></td>
<td><a name="TC_com.github.danielflower.mavenplugins.release.ReleaseInvokerTest.runMavenBuild_UserImplicitlyWantsThisToBeReleased_WillNotBeReleased"></a>runMavenBuild_UserImplicitlyWantsThisToBeReleased_WillNotBeReleased</td>
<td>0.003</td></tr>
<tr class="a">
<td><img src="images/icon_success_sml.gif" alt="" /></td>
<td><a name="TC_com.github.danielflower.mavenplugins.release.ReleaseInvokerTest.runMavenBuild_ErrorExitCode"></a>runMavenBuild_ErrorExitCode</td>
<td>0.001</td></tr>
<tr class="b">
<td><img src="images/icon_success_sml.gif" alt="" /></td>
<td><a name="TC_com.github.danielflower.mavenplugins.release.ReleaseInvokerTest.verifyDefaultConstructor"></a>verifyDefaultConstructor</td>
<td>0.005</td></tr>
<tr class="a">
<td><img src="images/icon_success_sml.gif" alt="" /></td>
<td><a name="TC_com.github.danielflower.mavenplugins.release.ReleaseInvokerTest.runMavenBuild_InvocationFailed"></a>runMavenBuild_InvocationFailed</td>
<td>0.003</td></tr>
<tr class="b">
<td><img src="images/icon_success_sml.gif" alt="" /></td>
<td><a name="TC_com.github.danielflower.mavenplugins.release.ReleaseInvokerTest.runMavenBuild_UserExplicitlyWantsThisToBeReleased"></a>runMavenBuild_UserExplicitlyWantsThisToBeReleased</td>
<td>0.002</td></tr>
<tr class="a">
<td><img src="images/icon_success_sml.gif" alt="" /></td>
<td><a name="TC_com.github.danielflower.mavenplugins.release.ReleaseInvokerTest.skipTests"></a>skipTests</td>
<td>0.005</td></tr></table></div>
<div class="section">
<h3><a name="SshAgentSessionFactoryTest"></a>SshAgentSessionFactoryTest</h3><a name="com.github.danielflower.mavenplugins.releaseSshAgentSessionFactoryTest"></a>
<table border="1" class="table table-striped">
<tr class="a">
<td><img src="images/icon_success_sml.gif" alt="" /></td>
<td><a name="TC_com.github.danielflower.mavenplugins.release.SshAgentSessionFactoryTest.createDefaultJSch_WithKnownHosts"></a>createDefaultJSch_WithKnownHosts</td>
<td>0.016</td></tr></table></div>
<div class="section">
<h3><a name="VersionNamerTest"></a>VersionNamerTest</h3><a name="com.github.danielflower.mavenplugins.releaseVersionNamerTest"></a>
<table border="1" class="table table-striped">
<tr class="a">
<td><img src="images/icon_success_sml.gif" alt="" /></td>
<td><a name="TC_com.github.danielflower.mavenplugins.release.VersionNamerTest.ifTheBuildNumberIsNullButThereIsAPreviousBuildNumbersThenThatValueIsIncremented"></a>ifTheBuildNumberIsNullButThereIsAPreviousBuildNumbersThenThatValueIsIncremented</td>
<td>0</td></tr>
<tr class="b">
<td><img src="images/icon_success_sml.gif" alt="" /></td>
<td><a name="TC_com.github.danielflower.mavenplugins.release.VersionNamerTest.ifTheBuildNumberIsNullAndThePreviousBuildNumbersIsEmptyListThenZeroIsUsed"></a>ifTheBuildNumberIsNullAndThePreviousBuildNumbersIsEmptyListThenZeroIsUsed</td>
<td>0</td></tr>
<tr class="a">
<td><img src="images/icon_success_sml.gif" alt="" /></td>
<td><a name="TC_com.github.danielflower.mavenplugins.release.VersionNamerTest.throwsIfTheVersionWouldNotBeAValidGitTag"></a>throwsIfTheVersionWouldNotBeAValidGitTag</td>
<td>0</td></tr>
<tr class="b">
<td><img src="images/icon_success_sml.gif" alt="" /></td>
<td><a name="TC_com.github.danielflower.mavenplugins.release.VersionNamerTest.removesTheSnapshotAndSticksTheBuildNumberOnTheEnd"></a>removesTheSnapshotAndSticksTheBuildNumberOnTheEnd</td>
<td>0</td></tr></table></div>
<div class="section">
<h3><a name="ExecutionTest"></a>ExecutionTest</h3><a name="e2eExecutionTest"></a>
<table border="1" class="table table-striped">
<tr class="a">
<td><img src="images/icon_success_sml.gif" alt="" /></td>
<td><a name="TC_e2e.ExecutionTest.profilesPassedToTheReleaseExecutionArePassedOnToTheDeployment"></a>profilesPassedToTheReleaseExecutionArePassedOnToTheDeployment</td>
<td>14.867</td></tr>
<tr class="b">
<td><img src="images/icon_success_sml.gif" alt="" /></td>
<td><a name="TC_e2e.ExecutionTest.userAndGlobalSettingsCanBeOverwrittenWithStandardMavenCommandLineParameters"></a>userAndGlobalSettingsCanBeOverwrittenWithStandardMavenCommandLineParameters</td>
<td>9.871</td></tr>
<tr class="a">
<td><img src="images/icon_success_sml.gif" alt="" /></td>
<td><a name="TC_e2e.ExecutionTest.profilesNotPassedToTheReleaseExecutionAreNotPassedOnToTheDeploymentButConfiguredProfilesAre"></a>profilesNotPassedToTheReleaseExecutionAreNotPassedOnToTheDeploymentButConfiguredProfilesAre</td>
<td>10.67</td></tr></table></div>
<div class="section">
<h3><a name="GitRelatedTest"></a>GitRelatedTest</h3><a name="e2eGitRelatedTest"></a>
<table border="1" class="table table-striped">
<tr class="a">
<td><img src="images/icon_success_sml.gif" alt="" /></td>
<td><a name="TC_e2e.GitRelatedTest.ifTheScmIsSpecifiedButIsNotGitThenThisIsThrown"></a>ifTheScmIsSpecifiedButIsNotGitThenThisIsThrown</td>
<td>3.974</td></tr>
<tr class="b">
<td><img src="images/icon_success_sml.gif" alt="" /></td>
<td><a name="TC_e2e.GitRelatedTest.ifThereIsNoRemoteButTheScmDetailsArePresentThenThisIsUsed"></a>ifThereIsNoRemoteButTheScmDetailsArePresentThenThisIsUsed</td>
<td>7.997</td></tr>
<tr class="a">
<td><img src="images/icon_success_sml.gif" alt="" /></td>
<td><a name="TC_e2e.GitRelatedTest.ifTheReleaseIsRunFromANonGitRepoThenAnErrorIsClearlyDisplayed"></a>ifTheReleaseIsRunFromANonGitRepoThenAnErrorIsClearlyDisplayed</td>
<td>4.06</td></tr>
<tr class="b">
<td><img src="images/icon_success_sml.gif" alt="" /></td>
<td><a name="TC_e2e.GitRelatedTest.ifThereIsNoScmInfoAndNoRemoteBranchThenAnErrorIsThrown"></a>ifThereIsNoScmInfoAndNoRemoteBranchThenAnErrorIsThrown</td>
<td>4.818</td></tr></table></div>
<div class="section">
<h3><a name="HelpTest"></a>HelpTest</h3><a name="e2eHelpTest"></a>
<table border="1" class="table table-striped">
<tr class="a">
<td><img src="images/icon_success_sml.gif" alt="" /></td>
<td><a name="TC_e2e.HelpTest.runningTheHelpMojoTellsYouAboutThePlugin"></a>runningTheHelpMojoTellsYouAboutThePlugin</td>
<td>3.5</td></tr>
<tr class="b">
<td><img src="images/icon_success_sml.gif" alt="" /></td>
<td><a name="TC_e2e.HelpTest.canShowInformationAboutTheReleaseGoal"></a>canShowInformationAboutTheReleaseGoal</td>
<td>3.598</td></tr></table></div>
<div class="section">
<h3><a name="IndependentVersionsTest"></a>IndependentVersionsTest</h3><a name="e2eIndependentVersionsTest"></a>
<table border="1" class="table table-striped">
<tr class="a">
<td><img src="images/icon_success_sml.gif" alt="" /></td>
<td><a name="TC_e2e.IndependentVersionsTest.buildsAndInstallsAndTagsAllModules"></a>buildsAndInstallsAndTagsAllModules</td>
<td>24.445</td></tr>
<tr class="b">
<td><img src="images/icon_success_sml.gif" alt="" /></td>
<td><a name="TC_e2e.IndependentVersionsTest.thePomChangesAreRevertedAfterTheRelease"></a>thePomChangesAreRevertedAfterTheRelease</td>
<td>10.943</td></tr>
<tr class="a">
<td><img src="images/icon_success_sml.gif" alt="" /></td>
<td><a name="TC_e2e.IndependentVersionsTest.whenRunFromASubFolderItShowsAnError"></a>whenRunFromASubFolderItShowsAnError</td>
<td>4.084</td></tr></table></div>
<div class="section">
<h3><a name="InheritedVersionsTest"></a>InheritedVersionsTest</h3><a name="e2eInheritedVersionsTest"></a>
<table border="1" class="table table-striped">
<tr class="a">
<td><img src="images/icon_success_sml.gif" alt="" /></td>
<td><a name="TC_e2e.InheritedVersionsTest.buildsAndInstallsAndTagsAllModules"></a>buildsAndInstallsAndTagsAllModules</td>
<td>23.268</td></tr>
<tr class="b">
<td><img src="images/icon_success_sml.gif" alt="" /></td>
<td><a name="TC_e2e.InheritedVersionsTest.thePomChangesAreRevertedAfterTheRelease"></a>thePomChangesAreRevertedAfterTheRelease</td>
<td>11.055</td></tr></table></div>
<div class="section">
<h3><a name="JGitDiscoveryTest"></a>JGitDiscoveryTest</h3><a name="e2eJGitDiscoveryTest"></a>
<table border="1" class="table table-striped">
<tr class="a">
<td><img src="images/icon_success_sml.gif" alt="" /></td>
<td><a name="TC_e2e.JGitDiscoveryTest.blah"></a>blah</td>
<td>0.001</td></tr>
<tr class="b">
<td><img src="images/icon_success_sml.gif" alt="" /></td>
<td><a name="TC_e2e.JGitDiscoveryTest.name"></a>name</td>
<td>0.097</td></tr>
<tr class="a">
<td><img src="images/icon_success_sml.gif" alt="" /></td>
<td><a name="TC_e2e.JGitDiscoveryTest.showMeTheLog"></a>showMeTheLog</td>
<td>0.25</td></tr></table></div>
<div class="section">
<h3><a name="MavenCompatibilityTest"></a>MavenCompatibilityTest</h3><a name="e2eMavenCompatibilityTest"></a>
<table border="1" class="table table-striped">
<tr class="a">
<td><img src="images/icon_success_sml.gif" alt="" /></td>
<td><a name="TC_e2e.MavenCompatibilityTest.maven_3_0_1"></a>maven_3_0_1</td>
<td>21.831</td></tr>
<tr class="b">
<td><img src="images/icon_success_sml.gif" alt="" /></td>
<td><a name="TC_e2e.MavenCompatibilityTest.maven_3_0_4"></a>maven_3_0_4</td>
<td>20.174</td></tr>
<tr class="a">
<td><img src="images/icon_success_sml.gif" alt="" /></td>
<td><a name="TC_e2e.MavenCompatibilityTest.maven_3_2_1"></a>maven_3_2_1</td>
<td>20.461</td></tr>
<tr class="b">
<td><img src="images/icon_success_sml.gif" alt="" /></td>
<td><a name="TC_e2e.MavenCompatibilityTest.maven_3_3_9"></a>maven_3_3_9</td>
<td>22.44</td></tr></table></div>
<div class="section">
<h3><a name="NestedModulesTest"></a>NestedModulesTest</h3><a name="e2eNestedModulesTest"></a>
<table border="1" class="table table-striped">
<tr class="a">
<td><img src="images/icon_success_sml.gif" alt="" /></td>
<td><a name="TC_e2e.NestedModulesTest.buildsAndInstallsAndTagsAllModules"></a>buildsAndInstallsAndTagsAllModules</td>
<td>78.953</td></tr>
<tr class="b">
<td><img src="images/icon_success_sml.gif" alt="" /></td>
<td><a name="TC_e2e.NestedModulesTest.thePomChangesAreRevertedAfterTheRelease"></a>thePomChangesAreRevertedAfterTheRelease</td>
<td>13.578</td></tr></table></div>
<div class="section">
<h3><a name="NextMojoTest"></a>NextMojoTest</h3><a name="e2eNextMojoTest"></a>
<table border="1" class="table table-striped">
<tr class="a">
<td><img src="images/icon_success_sml.gif" alt="" /></td>
<td><a name="TC_e2e.NextMojoTest.changesInTheRootAreDetected"></a>changesInTheRootAreDetected</td>
<td>14.799</td></tr>
<tr class="b">
<td><img src="images/icon_success_sml.gif" alt="" /></td>
<td><a name="TC_e2e.NextMojoTest.doesNotReReleaseAModuleThatHasNotChanged"></a>doesNotReReleaseAModuleThatHasNotChanged</td>
<td>15.952</td></tr>
<tr class="a">
<td><img src="images/icon_success_sml.gif" alt="" /></td>
<td><a name="TC_e2e.NextMojoTest.ifADependencyHasNotChangedButSomethingItDependsOnHasChangedThenTheDependencyIsReReleased"></a>ifADependencyHasNotChangedButSomethingItDependsOnHasChangedThenTheDependencyIsReReleased</td>
<td>15.957</td></tr>
<tr class="b">
<td><a href="#e2e.NextMojoTest.ifThereHaveBeenNoChangesCanOptToReleaseNoModules"><img src="images/icon_error_sml.gif" alt="" /></a></td>
<td><a name="TC_e2e.NextMojoTest.ifThereHaveBeenNoChangesCanOptToReleaseNoModules"></a><a href="#e2e.NextMojoTest.ifThereHaveBeenNoChangesCanOptToReleaseNoModules">ifThereHaveBeenNoChangesCanOptToReleaseNoModules</a>
<div class="detailToggle" style="display:inline"><a href="javascript:toggleDisplay(&apos;e2e.NextMojoTest.ifThereHaveBeenNoChangesCanOptToReleaseNoModules&apos;);"><span style="display:inline;" id="e2e.NextMojoTest.ifThereHaveBeenNoChangesCanOptToReleaseNoModulesoff"> + </span><span style="display:none;" id="e2e.NextMojoTest.ifThereHaveBeenNoChangesCanOptToReleaseNoModuleson"> - </span>[ Detail ]</a></div></td>
<td>15.303</td></tr>
<tr class="a">
<td></td>
<td> Expected: a string containing &quot;[WARNING] No changes have been detected in any modules so will not perform release&quot; 1 times      but: was matched 0 times in the following list:           &quot;[INFO] Scanning for projects...&quot;           &quot;[INFO] ------------------------------------------------------------------------&quot;           &quot;[INFO] Reactor Build Order:&quot;           &quot;[INFO] &quot;           &quot;[INFO] parent-module&quot;           &quot;[INFO] more-utils&quot;           &quot;[INFO] The Core Utilities&quot;           &quot;[INFO] console-app&quot;           &quot;[INFO] deep-dependencies-aggregator&quot;           &quot;[INFO]                                                                         &quot;           &quot;[INFO] ------------------------------------------------------------------------&quot;           &quot;[INFO] Building deep-dependencies-aggregator 1.0-SNAPSHOT&quot;           &quot;[INFO] ------------------------------------------------------------------------&quot;           &quot;[INFO] &quot;           &quot;[INFO] --- multi-module-maven-release-plugin:2.1-SNAPSHOT:next (default-cli) @ deep-dependencies-aggregator ---&quot;           &quot;[INFO] Will use version 1.2.3.1 for parent-module as it has not been changed since that release.&quot;           &quot;[INFO] Will use version 10.0.1 for more-utils as it has not been changed since that release.&quot;           &quot;[INFO] Will use version 2.0.1 for core-utils as it has not been changed since that release.&quot;           &quot;[INFO] Will use version 3.2.1 for console-app as it has not been changed since that release.&quot;           &quot;[INFO] Will use version 1.0.1 for deep-dependencies-aggregator as it has not been changed since that release.&quot;           &quot;[WARNING] No changes have been detected in any modules so will re-release them all&quot;           &quot;[INFO] ------------------------------------------------------------------------&quot;           &quot;[INFO] Reactor Summary:&quot;           &quot;[INFO] &quot;           &quot;[INFO] parent-module ...................................... SKIPPED&quot;           &quot;[INFO] more-utils ......................................... SKIPPED&quot;           &quot;[INFO] The Core Utilities ................................. SKIPPED&quot;           &quot;[INFO] console-app ........................................ SKIPPED&quot;           &quot;[INFO] deep-dependencies-aggregator ....................... SUCCESS [  1.417 s]&quot;           &quot;[INFO] ------------------------------------------------------------------------&quot;           &quot;[INFO] BUILD SUCCESS&quot;           &quot;[INFO] ------------------------------------------------------------------------&quot;           &quot;[INFO] Total time: 1.636 s&quot;           &quot;[INFO] Finished at: 2017-01-25T22:28:52+08:00&quot;           &quot;[INFO] Final Memory: 9M/491M&quot;           &quot;[INFO] ------------------------------------------------------------------------&quot;</td>
<td></td></tr>
<tr class="b">
<td></td>
<td>
<div id="e2e.NextMojoTest.ifThereHaveBeenNoChangesCanOptToReleaseNoModuleserror" style="display:none;">
<div>
<pre>java.lang.AssertionError: 
Expected: a string containing &quot;[WARNING] No changes have been detected in any modules so will not perform release&quot; 1 times
     but: was matched 0 times in the following list:&quot;[INFO] Scanning for projects...&quot;&quot;[INFO] ------------------------------------------------------------------------&quot;&quot;[INFO] Reactor Build Order:&quot;&quot;[INFO]&quot;&quot;[INFO] parent-module&quot;&quot;[INFO] more-utils&quot;&quot;[INFO] The Core Utilities&quot;&quot;[INFO] console-app&quot;&quot;[INFO] deep-dependencies-aggregator&quot;&quot;[INFO]&quot;&quot;[INFO] ------------------------------------------------------------------------&quot;&quot;[INFO] Building deep-dependencies-aggregator 1.0-SNAPSHOT&quot;&quot;[INFO] ------------------------------------------------------------------------&quot;&quot;[INFO]&quot;&quot;[INFO] --- multi-module-maven-release-plugin:2.1-SNAPSHOT:next (default-cli) @ deep-dependencies-aggregator ---&quot;&quot;[INFO] Will use version 1.2.3.1 for parent-module as it has not been changed since that release.&quot;&quot;[INFO] Will use version 10.0.1 for more-utils as it has not been changed since that release.&quot;&quot;[INFO] Will use version 2.0.1 for core-utils as it has not been changed since that release.&quot;&quot;[INFO] Will use version 3.2.1 for console-app as it has not been changed since that release.&quot;&quot;[INFO] Will use version 1.0.1 for deep-dependencies-aggregator as it has not been changed since that release.&quot;&quot;[WARNING] No changes have been detected in any modules so will re-release them all&quot;&quot;[INFO] ------------------------------------------------------------------------&quot;&quot;[INFO] Reactor Summary:&quot;&quot;[INFO]&quot;&quot;[INFO] parent-module ...................................... SKIPPED&quot;&quot;[INFO] more-utils ......................................... SKIPPED&quot;&quot;[INFO] The Core Utilities ................................. SKIPPED&quot;&quot;[INFO] console-app ........................................ SKIPPED&quot;&quot;[INFO] deep-dependencies-aggregator ....................... SUCCESS [  1.417 s]&quot;&quot;[INFO] ------------------------------------------------------------------------&quot;&quot;[INFO] BUILD SUCCESS&quot;&quot;[INFO] ------------------------------------------------------------------------&quot;&quot;[INFO] Total time: 1.636 s&quot;&quot;[INFO] Finished at: 2017-01-25T22:28:52+08:00&quot;&quot;[INFO] Final Memory: 9M/491M&quot;&quot;[INFO] ------------------------------------------------------------------------&quot;
	at org.hamcrest.MatcherAssert.assertThat(MatcherAssert.java:20)
	at org.hamcrest.MatcherAssert.assertThat(MatcherAssert.java:8)
	at e2e.NextMojoTest.ifThereHaveBeenNoChangesCanOptToReleaseNoModules(NextMojoTest.java:93)
	at sun.reflect.NativeMethodAccessorImpl.invoke0(Native Method)
	at sun.reflect.NativeMethodAccessorImpl.invoke(NativeMethodAccessorImpl.java:62)
	at sun.reflect.DelegatingMethodAccessorImpl.invoke(DelegatingMethodAccessorImpl.java:43)
	at java.lang.reflect.Method.invoke(Method.java:498)
	at org.junit.runners.model.FrameworkMethod$1.runReflectiveCall(FrameworkMethod.java:50)
	at org.junit.internal.runners.model.ReflectiveCallable.run(ReflectiveCallable.java:12)
	at org.junit.runners.model.FrameworkMethod.invokeExplosively(FrameworkMethod.java:47)
	at org.junit.internal.runners.statements.InvokeMethod.evaluate(InvokeMethod.java:17)
	at org.junit.runners.ParentRunner.runLeaf(ParentRunner.java:325)
	at org.junit.runners.BlockJUnit4ClassRunner.runChild(BlockJUnit4ClassRunner.java:78)
	at org.junit.runners.BlockJUnit4ClassRunner.runChild(BlockJUnit4ClassRunner.java:57)
	at org.junit.runners.ParentRunner$3.run(ParentRunner.java:290)
	at org.junit.runners.ParentRunner$1.schedule(ParentRunner.java:71)
	at org.junit.runners.ParentRunner.runChildren(ParentRunner.java:288)
	at org.junit.runners.ParentRunner.access$000(ParentRunner.java:58)
	at org.junit.runners.ParentRunner$2.evaluate(ParentRunner.java:268)
	at org.junit.internal.runners.statements.RunBefores.evaluate(RunBefores.java:26)
	at org.junit.runners.ParentRunner.run(ParentRunner.java:363)
	at org.apache.maven.surefire.junit4.JUnit4Provider.execute(JUnit4Provider.java:252)
	at org.apache.maven.surefire.junit4.JUnit4Provider.executeTestSet(JUnit4Provider.java:141)
	at org.apache.maven.surefire.junit4.JUnit4Provider.invoke(JUnit4Provider.java:112)
	at sun.reflect.NativeMethodAccessorImpl.invoke0(Native Method)
	at sun.reflect.NativeMethodAccessorImpl.invoke(NativeMethodAccessorImpl.java:62)
	at sun.reflect.DelegatingMethodAccessorImpl.invoke(DelegatingMethodAccessorImpl.java:43)
	at java.lang.reflect.Method.invoke(Method.java:498)
	at org.apache.maven.surefire.util.ReflectionUtils.invokeMethodWithArray(ReflectionUtils.java:189)
	at org.apache.maven.surefire.booter.ProviderFactory$ProviderProxy.invoke(ProviderFactory.java:165)
	at org.apache.maven.surefire.booter.ProviderFactory.invokeProvider(ProviderFactory.java:85)
	at org.apache.maven.surefire.booter.ForkedBooter.runSuitesInProcess(ForkedBooter.java:115)
	at org.apache.maven.surefire.booter.ForkedBooter.main(ForkedBooter.java:75)</pre></div></div></td>
<td></td></tr>
<tr class="a">
<td><img src="images/icon_success_sml.gif" alt="" /></td>
<td><a name="TC_e2e.NextMojoTest.ifThereHaveBeenNoChangesThenReReleaseAllModules"></a>ifThereHaveBeenNoChangesThenReReleaseAllModules</td>
<td>15.332</td></tr></table></div>
<div class="section">
<h3><a name="ParentAsSiblingTest"></a>ParentAsSiblingTest</h3><a name="e2eParentAsSiblingTest"></a>
<table border="1" class="table table-striped">
<tr class="a">
<td><img src="images/icon_success_sml.gif" alt="" /></td>
<td><a name="TC_e2e.ParentAsSiblingTest.buildsAndInstallsAndTagsAllModules"></a>buildsAndInstallsAndTagsAllModules</td>
<td>24.982</td></tr>
<tr class="b">
<td><img src="images/icon_success_sml.gif" alt="" /></td>
<td><a name="TC_e2e.ParentAsSiblingTest.thePomChangesAreRevertedAfterTheRelease"></a>thePomChangesAreRevertedAfterTheRelease</td>
<td>10.374</td></tr></table></div>
<div class="section">
<h3><a name="PartialReleaseTest"></a>PartialReleaseTest</h3><a name="e2ePartialReleaseTest"></a>
<table border="1" class="table table-striped">
<tr class="a">
<td><img src="images/icon_success_sml.gif" alt="" /></td>
<td><a name="TC_e2e.PartialReleaseTest.buildsAndInstallsAndTagsAllModules"></a>buildsAndInstallsAndTagsAllModules</td>
<td>16.338</td></tr>
<tr class="b">
<td><img src="images/icon_success_sml.gif" alt="" /></td>
<td><a name="TC_e2e.PartialReleaseTest.thePomChangesAreRevertedAfterTheRelease"></a>thePomChangesAreRevertedAfterTheRelease</td>
<td>10.167</td></tr>
<tr class="a">
<td><img src="images/icon_success_sml.gif" alt="" /></td>
<td><a name="TC_e2e.PartialReleaseTest.whenNoChangesHaveBeenDetectedTheRequestedModuleIsBuiltAnyway"></a>whenNoChangesHaveBeenDetectedTheRequestedModuleIsBuiltAnyway</td>
<td>17.368</td></tr></table></div>
<div class="section">
<h3><a name="SingleModuleTest"></a>SingleModuleTest</h3><a name="e2eSingleModuleTest"></a>
<table border="1" class="table table-striped">
<tr class="a">
<td><img src="images/icon_success_sml.gif" alt="" /></td>
<td><a name="TC_e2e.SingleModuleTest.canUpdateSnapshotVersionToReleaseVersionAndInstallToLocalRepo"></a>canUpdateSnapshotVersionToReleaseVersionAndInstallToLocalRepo</td>
<td>12.387</td></tr>
<tr class="b">
<td><img src="images/icon_success_sml.gif" alt="" /></td>
<td><a name="TC_e2e.SingleModuleTest.thePomChangesAreRevertedAfterTheRelease"></a>thePomChangesAreRevertedAfterTheRelease</td>
<td>9.945</td></tr>
<tr class="a">
<td><img src="images/icon_success_sml.gif" alt="" /></td>
<td><a name="TC_e2e.SingleModuleTest.theBuildNumberIsOptionalAndWillStartAt0AndThenIncrementTakingIntoAccountLocalAndRemoteTags"></a>theBuildNumberIsOptionalAndWillStartAt0AndThenIncrementTakingIntoAccountLocalAndRemoteTags</td>
<td>47.323</td></tr>
<tr class="b">
<td><img src="images/icon_success_sml.gif" alt="" /></td>
<td><a name="TC_e2e.SingleModuleTest.theLocalAndRemoteGitReposAreTaggedWithTheModuleNameAndVersion"></a>theLocalAndRemoteGitReposAreTaggedWithTheModuleNameAndVersion</td>
<td>10.623</td></tr>
<tr class="a">
<td><img src="images/icon_success_sml.gif" alt="" /></td>
<td><a name="TC_e2e.SingleModuleTest.onlyLocalGitRepoIsTaggedWithTheModuleNameAndVersionWithoutPush"></a>onlyLocalGitRepoIsTaggedWithTheModuleNameAndVersionWithoutPush</td>
<td>9.591</td></tr></table></div>
<div class="section">
<h3><a name="SkippingUnchangedModulesTest"></a>SkippingUnchangedModulesTest</h3><a name="e2eSkippingUnchangedModulesTest"></a>
<table border="1" class="table table-striped">
<tr class="a">
<td><img src="images/icon_success_sml.gif" alt="" /></td>
<td><a name="TC_e2e.SkippingUnchangedModulesTest.changesInTheRootAreDetected"></a>changesInTheRootAreDetected</td>
<td>19.18</td></tr>
<tr class="b">
<td><a href="#e2e.SkippingUnchangedModulesTest.ifThereHaveBeenNoChangesThenCanOptToFailTheBuild"><img src="images/icon_error_sml.gif" alt="" /></a></td>
<td><a name="TC_e2e.SkippingUnchangedModulesTest.ifThereHaveBeenNoChangesThenCanOptToFailTheBuild"></a><a href="#e2e.SkippingUnchangedModulesTest.ifThereHaveBeenNoChangesThenCanOptToFailTheBuild">ifThereHaveBeenNoChangesThenCanOptToFailTheBuild</a>
<div class="detailToggle" style="display:inline"><a href="javascript:toggleDisplay(&apos;e2e.SkippingUnchangedModulesTest.ifThereHaveBeenNoChangesThenCanOptToFailTheBuild&apos;);"><span style="display:inline;" id="e2e.SkippingUnchangedModulesTest.ifThereHaveBeenNoChangesThenCanOptToFailTheBuildoff"> + </span><span style="display:none;" id="e2e.SkippingUnchangedModulesTest.ifThereHaveBeenNoChangesThenCanOptToFailTheBuildon"> - </span>[ Detail ]</a></div></td>
<td>22.332</td></tr>
<tr class="a">
<td></td>
<td>Expected an exception to be thrown</td>
<td></td></tr>
<tr class="b">
<td></td>
<td>
<div id="e2e.SkippingUnchangedModulesTest.ifThereHaveBeenNoChangesThenCanOptToFailTheBuilderror" style="display:none;">
<div>
<pre>java.lang.AssertionError: Expected an exception to be thrown
	at org.junit.Assert.fail(Assert.java:88)
	at e2e.SkippingUnchangedModulesTest.ifThereHaveBeenNoChangesThenCanOptToFailTheBuild(SkippingUnchangedModulesTest.java:99)
	at sun.reflect.NativeMethodAccessorImpl.invoke0(Native Method)
	at sun.reflect.NativeMethodAccessorImpl.invoke(NativeMethodAccessorImpl.java:62)
	at sun.reflect.DelegatingMethodAccessorImpl.invoke(DelegatingMethodAccessorImpl.java:43)
	at java.lang.reflect.Method.invoke(Method.java:498)
	at org.junit.runners.model.FrameworkMethod$1.runReflectiveCall(FrameworkMethod.java:50)
	at org.junit.internal.runners.model.ReflectiveCallable.run(ReflectiveCallable.java:12)
	at org.junit.runners.model.FrameworkMethod.invokeExplosively(FrameworkMethod.java:47)
	at org.junit.internal.runners.statements.InvokeMethod.evaluate(InvokeMethod.java:17)
	at org.junit.runners.ParentRunner.runLeaf(ParentRunner.java:325)
	at org.junit.runners.BlockJUnit4ClassRunner.runChild(BlockJUnit4ClassRunner.java:78)
	at org.junit.runners.BlockJUnit4ClassRunner.runChild(BlockJUnit4ClassRunner.java:57)
	at org.junit.runners.ParentRunner$3.run(ParentRunner.java:290)
	at org.junit.runners.ParentRunner$1.schedule(ParentRunner.java:71)
	at org.junit.runners.ParentRunner.runChildren(ParentRunner.java:288)
	at org.junit.runners.ParentRunner.access$000(ParentRunner.java:58)
	at org.junit.runners.ParentRunner$2.evaluate(ParentRunner.java:268)
	at org.junit.internal.runners.statements.RunBefores.evaluate(RunBefores.java:26)
	at org.junit.runners.ParentRunner.run(ParentRunner.java:363)
	at org.apache.maven.surefire.junit4.JUnit4Provider.execute(JUnit4Provider.java:252)
	at org.apache.maven.surefire.junit4.JUnit4Provider.executeTestSet(JUnit4Provider.java:141)
	at org.apache.maven.surefire.junit4.JUnit4Provider.invoke(JUnit4Provider.java:112)
	at sun.reflect.NativeMethodAccessorImpl.invoke0(Native Method)
	at sun.reflect.NativeMethodAccessorImpl.invoke(NativeMethodAccessorImpl.java:62)
	at sun.reflect.DelegatingMethodAccessorImpl.invoke(DelegatingMethodAccessorImpl.java:43)
	at java.lang.reflect.Method.invoke(Method.java:498)
	at org.apache.maven.surefire.util.ReflectionUtils.invokeMethodWithArray(ReflectionUtils.java:189)
	at org.apache.maven.surefire.booter.ProviderFactory$ProviderProxy.invoke(ProviderFactory.java:165)
	at org.apache.maven.surefire.booter.ProviderFactory.invokeProvider(ProviderFactory.java:85)
	at org.apache.maven.surefire.booter.ForkedBooter.runSuitesInProcess(ForkedBooter.java:115)
	at org.apache.maven.surefire.booter.ForkedBooter.main(ForkedBooter.java:75)</pre></div></div></td>
<td></td></tr>
<tr class="a">
<td><img src="images/icon_success_sml.gif" alt="" /></td>
<td><a name="TC_e2e.SkippingUnchangedModulesTest.doesNotReReleaseAModuleThatHasNotChanged"></a>doesNotReReleaseAModuleThatHasNotChanged</td>
<td>18.974</td></tr>
<tr class="b">
<td><img src="images/icon_success_sml.gif" alt="" /></td>
<td><a name="TC_e2e.SkippingUnchangedModulesTest.ifADependencyHasNotChangedButSomethingItDependsOnHasChangedThenTheDependencyIsReReleased"></a>ifADependencyHasNotChangedButSomethingItDependsOnHasChangedThenTheDependencyIsReReleased</td>
<td>20.621</td></tr>
<tr class="a">
<td><a href="#e2e.SkippingUnchangedModulesTest.ifThereHaveBeenNoChangesThenCanOptNotToReleaseAnything"><img src="images/icon_error_sml.gif" alt="" /></a></td>
<td><a name="TC_e2e.SkippingUnchangedModulesTest.ifThereHaveBeenNoChangesThenCanOptNotToReleaseAnything"></a><a href="#e2e.SkippingUnchangedModulesTest.ifThereHaveBeenNoChangesThenCanOptNotToReleaseAnything">ifThereHaveBeenNoChangesThenCanOptNotToReleaseAnything</a>
<div class="detailToggle" style="display:inline"><a href="javascript:toggleDisplay(&apos;e2e.SkippingUnchangedModulesTest.ifThereHaveBeenNoChangesThenCanOptNotToReleaseAnything&apos;);"><span style="display:inline;" id="e2e.SkippingUnchangedModulesTest.ifThereHaveBeenNoChangesThenCanOptNotToReleaseAnythingoff"> + </span><span style="display:none;" id="e2e.SkippingUnchangedModulesTest.ifThereHaveBeenNoChangesThenCanOptNotToReleaseAnythingon"> - </span>[ Detail ]</a></div></td>
<td>22.156</td></tr>
<tr class="b">
<td></td>
<td> Expected: a string containing &quot;No changes have been detected in any modules so will not perform release&quot; 1 times      but: was matched 0 times in the following list:           &quot;[INFO] Scanning for projects...&quot;           &quot;[INFO] ------------------------------------------------------------------------&quot;           &quot;[INFO] Reactor Build Order:&quot;           &quot;[INFO] &quot;           &quot;[INFO] parent-module&quot;           &quot;[INFO] more-utils&quot;           &quot;[INFO] The Core Utilities&quot;           &quot;[INFO] console-app&quot;           &quot;[INFO] deep-dependencies-aggregator&quot;           &quot;[INFO]                                                                         &quot;           &quot;[INFO] ------------------------------------------------------------------------&quot;           &quot;[INFO] Building deep-dependencies-aggregator 1.0-SNAPSHOT&quot;           &quot;[INFO] ------------------------------------------------------------------------&quot;           &quot;[INFO] &quot;           &quot;[INFO] --- multi-module-maven-release-plugin:2.1-SNAPSHOT:release (default-cli) @ deep-dependencies-aggregator ---&quot;           &quot;[INFO] Will use version 1.2.3.1 for parent-module as it has not been changed since that release.&quot;           &quot;[INFO] Will use version 10.0.1 for more-utils as it has not been changed since that release.&quot;           &quot;[INFO] Will use version 2.0.1 for core-utils as it has not been changed since that release.&quot;           &quot;[INFO] Will use version 3.2.1 for console-app as it has not been changed since that release.&quot;           &quot;[INFO] Will use version 1.0.1 for deep-dependencies-aggregator as it has not been changed since that release.&quot;           &quot;[WARNING] No changes have been detected in any modules so will re-release them all&quot;           &quot;[INFO] Going to release parent-module 1.2.3.2&quot;           &quot;[INFO] Going to release more-utils 10.0.2&quot;           &quot;[INFO] Going to release core-utils 2.0.2&quot;           &quot;[INFO] Going to release console-app 3.2.2&quot;           &quot;[INFO] Going to release deep-dependencies-aggregator 1.0.2&quot;           &quot;[INFO] About to tag the repository with parent-module-1.2.3.2&quot;           &quot;[INFO] About to tag the repository with more-utils-10.0.2&quot;           &quot;[INFO] About to tag the repository with core-utils-2.0.2&quot;           &quot;[INFO] About to tag the repository with console-app-3.2.2&quot;           &quot;[INFO] About to tag the repository with deep-dependencies-aggregator-1.0.2&quot;           &quot;[INFO] About to run mvn [install] with no profiles activated&quot;           &quot;[INFO] Error stacktraces are turned on.&quot;           &quot;[INFO] Scanning for projects...&quot;           &quot;[INFO] ------------------------------------------------------------------------&quot;           &quot;[INFO] Reactor Build Order:&quot;           &quot;[INFO] &quot;           &quot;[INFO] parent-module&quot;           &quot;[INFO] more-utils&quot;           &quot;[INFO] The Core Utilities&quot;           &quot;[INFO] console-app&quot;           &quot;[INFO] deep-dependencies-aggregator&quot;           &quot;[INFO]                                                                         &quot;           &quot;[INFO] ------------------------------------------------------------------------&quot;           &quot;[INFO] Building parent-module 1.2.3.2&quot;           &quot;[INFO] ------------------------------------------------------------------------&quot;           &quot;[INFO] &quot;           &quot;[INFO] --- maven-install-plugin:2.4:install (default-install) @ parent-module ---&quot;           &quot;[INFO] Installing C:\code\multi-module-maven-release-plugin\target\samples\deep-dependencies\2249c93c-dd01-49f2-a9d7-b25461c95474\parent-module\pom.xml to C:\Users\Daniel\.m2\repository\com\github\danielflower\mavenplugins\testprojects\deepdependencies\parent-module\1.2.3.2\parent-module-1.2.3.2.pom&quot;           &quot;[INFO]                                                                         &quot;           &quot;[INFO] ------------------------------------------------------------------------&quot;           &quot;[INFO] Building more-utils 10.0.2&quot;           &quot;[INFO] ------------------------------------------------------------------------&quot;           &quot;[INFO] &quot;           &quot;[INFO] --- maven-resources-plugin:2.6:resources (default-resources) @ more-utils ---&quot;           &quot;[INFO] Using 'UTF-8' encoding to copy filtered resources.&quot;           &quot;[INFO] skip non existing resourceDirectory C:\code\multi-module-maven-release-plugin\target\samples\deep-dependencies\2249c93c-dd01-49f2-a9d7-b25461c95474\more-utilities\src\main\resources&quot;           &quot;[INFO] &quot;           &quot;[INFO] --- maven-compiler-plugin:3.1:compile (default-compile) @ more-utils ---&quot;           &quot;[INFO] Nothing to compile - all classes are up to date&quot;           &quot;[INFO] &quot;           &quot;[INFO] --- maven-resources-plugin:2.6:testResources (default-testResources) @ more-utils ---&quot;           &quot;[INFO] Using 'UTF-8' encoding to copy filtered resources.&quot;           &quot;[INFO] skip non existing resourceDirectory C:\code\multi-module-maven-release-plugin\target\samples\deep-dependencies\2249c93c-dd01-49f2-a9d7-b25461c95474\more-utilities\src\test\resources&quot;           &quot;[INFO] &quot;           &quot;[INFO] --- maven-compiler-plugin:3.1:testCompile (default-testCompile) @ more-utils ---&quot;           &quot;[INFO] Nothing to compile - all classes are up to date&quot;           &quot;[INFO] &quot;           &quot;[INFO] --- maven-surefire-plugin:2.12.4:test (default-test) @ more-utils ---&quot;           &quot;[INFO] Surefire report directory: C:\code\multi-module-maven-release-plugin\target\samples\deep-dependencies\2249c93c-dd01-49f2-a9d7-b25461c95474\more-utilities\target\surefire-reports&quot;           &quot;&quot;           &quot;-------------------------------------------------------&quot;           &quot; T E S T S&quot;           &quot;-------------------------------------------------------&quot;           &quot;Running com.github.danielflower.mavenplugins.testprojects.versioninheritor.CalculatorTest&quot;           &quot;The Calculator Test has run&quot;           &quot;Tests run: 1, Failures: 0, Errors: 0, Skipped: 0, Time elapsed: 0.068 sec&quot;           &quot;&quot;           &quot;Results :&quot;           &quot;&quot;           &quot;Tests run: 1, Failures: 0, Errors: 0, Skipped: 0&quot;           &quot;&quot;           &quot;[INFO] &quot;           &quot;[INFO] --- maven-jar-plugin:2.4:jar (default-jar) @ more-utils ---&quot;           &quot;[INFO] Building jar: C:\code\multi-module-maven-release-plugin\target\samples\deep-dependencies\2249c93c-dd01-49f2-a9d7-b25461c95474\more-utilities\target\more-utils-10.0.2.jar&quot;           &quot;[INFO] &quot;           &quot;[INFO] --- maven-install-plugin:2.4:install (default-install) @ more-utils ---&quot;           &quot;[INFO] Installing C:\code\multi-module-maven-release-plugin\target\samples\deep-dependencies\2249c93c-dd01-49f2-a9d7-b25461c95474\more-utilities\target\more-utils-10.0.2.jar to C:\Users\Daniel\.m2\repository\com\github\danielflower\mavenplugins\testprojects\deepdependencies\more-utils\10.0.2\more-utils-10.0.2.jar&quot;           &quot;[INFO] Installing C:\code\multi-module-maven-release-plugin\target\samples\deep-dependencies\2249c93c-dd01-49f2-a9d7-b25461c95474\more-utilities\pom.xml to C:\Users\Daniel\.m2\repository\com\github\danielflower\mavenplugins\testprojects\deepdependencies\more-utils\10.0.2\more-utils-10.0.2.pom&quot;           &quot;[INFO]                                                                         &quot;           &quot;[INFO] ------------------------------------------------------------------------&quot;           &quot;[INFO] Building The Core Utilities 2.0.2&quot;           &quot;[INFO] ------------------------------------------------------------------------&quot;           &quot;[INFO] &quot;           &quot;[INFO] --- maven-resources-plugin:2.6:resources (default-resources) @ core-utils ---&quot;           &quot;[INFO] Using 'UTF-8' encoding to copy filtered resources.&quot;           &quot;[INFO] skip non existing resourceDirectory C:\code\multi-module-maven-release-plugin\target\samples\deep-dependencies\2249c93c-dd01-49f2-a9d7-b25461c95474\the-core-utilities\src\main\resources&quot;           &quot;[INFO] &quot;           &quot;[INFO] --- maven-compiler-plugin:3.1:compile (default-compile) @ core-utils ---&quot;           &quot;[INFO] Nothing to compile - all classes are up to date&quot;           &quot;[INFO] &quot;           &quot;[INFO] --- maven-resources-plugin:2.6:testResources (default-testResources) @ core-utils ---&quot;           &quot;[INFO] Using 'UTF-8' encoding to copy filtered resources.&quot;           &quot;[INFO] skip non existing resourceDirectory C:\code\multi-module-maven-release-plugin\target\samples\deep-dependencies\2249c93c-dd01-49f2-a9d7-b25461c95474\the-core-utilities\src\test\resources&quot;           &quot;[INFO] &quot;           &quot;[INFO] --- maven-compiler-plugin:3.1:testCompile (default-testCompile) @ core-utils ---&quot;           &quot;[INFO] Nothing to compile - all classes are up to date&quot;           &quot;[INFO] &quot;           &quot;[INFO] --- maven-surefire-plugin:2.12.4:test (default-test) @ core-utils ---&quot;           &quot;[INFO] Surefire report directory: C:\code\multi-module-maven-release-plugin\target\samples\deep-dependencies\2249c93c-dd01-49f2-a9d7-b25461c95474\the-core-utilities\target\surefire-reports&quot;           &quot;&quot;           &quot;-------------------------------------------------------&quot;           &quot; T E S T S&quot;           &quot;-------------------------------------------------------&quot;           &quot;Running com.github.danielflower.mavenplugins.testprojects.versioninheritor.CalculatorTest&quot;           &quot;The Calculator Test has run&quot;           &quot;Tests run: 1, Failures: 0, Errors: 0, Skipped: 0, Time elapsed: 0.109 sec&quot;           &quot;&quot;           &quot;Results :&quot;           &quot;&quot;           &quot;Tests run: 1, Failures: 0, Errors: 0, Skipped: 0&quot;           &quot;&quot;           &quot;[INFO] &quot;           &quot;[INFO] --- maven-jar-plugin:2.4:jar (default-jar) @ core-utils ---&quot;           &quot;[INFO] Building jar: C:\code\multi-module-maven-release-plugin\target\samples\deep-dependencies\2249c93c-dd01-49f2-a9d7-b25461c95474\the-core-utilities\target\core-utils-2.0.2.jar&quot;           &quot;[INFO] &quot;           &quot;[INFO] --- maven-install-plugin:2.4:install (default-install) @ core-utils ---&quot;           &quot;[INFO] Installing C:\code\multi-module-maven-release-plugin\target\samples\deep-dependencies\2249c93c-dd01-49f2-a9d7-b25461c95474\the-core-utilities\target\core-utils-2.0.2.jar to C:\Users\Daniel\.m2\repository\com\github\danielflower\mavenplugins\testprojects\deepdependencies\core-utils\2.0.2\core-utils-2.0.2.jar&quot;           &quot;[INFO] Installing C:\code\multi-module-maven-release-plugin\target\samples\deep-dependencies\2249c93c-dd01-49f2-a9d7-b25461c95474\the-core-utilities\pom.xml to C:\Users\Daniel\.m2\repository\com\github\danielflower\mavenplugins\testprojects\deepdependencies\core-utils\2.0.2\core-utils-2.0.2.pom&quot;           &quot;[INFO]                                                                         &quot;           &quot;[INFO] ------------------------------------------------------------------------&quot;           &quot;[INFO] Building console-app 3.2.2&quot;           &quot;[INFO] ------------------------------------------------------------------------&quot;           &quot;[INFO] &quot;           &quot;[INFO] --- maven-resources-plugin:2.6:resources (default-resources) @ console-app ---&quot;           &quot;[INFO] Using 'UTF-8' encoding to copy filtered resources.&quot;           &quot;[INFO] skip non existing resourceDirectory C:\code\multi-module-maven-release-plugin\target\samples\deep-dependencies\2249c93c-dd01-49f2-a9d7-b25461c95474\console-app\src\main\resources&quot;           &quot;[INFO] &quot;           &quot;[INFO] --- maven-compiler-plugin:3.1:compile (default-compile) @ console-app ---&quot;           &quot;[INFO] Nothing to compile - all classes are up to date&quot;           &quot;[INFO] &quot;           &quot;[INFO] --- maven-resources-plugin:2.6:testResources (default-testResources) @ console-app ---&quot;           &quot;[INFO] Using 'UTF-8' encoding to copy filtered resources.&quot;           &quot;[INFO] skip non existing resourceDirectory C:\code\multi-module-maven-release-plugin\target\samples\deep-dependencies\2249c93c-dd01-49f2-a9d7-b25461c95474\console-app\src\test\resources&quot;           &quot;[INFO] &quot;           &quot;[INFO] --- maven-compiler-plugin:3.1:testCompile (default-testCompile) @ console-app ---&quot;           &quot;[INFO] No sources to compile&quot;           &quot;[INFO] &quot;           &quot;[INFO] --- maven-surefire-plugin:2.12.4:test (default-test) @ console-app ---&quot;           &quot;[INFO] No tests to run.&quot;           &quot;[INFO] &quot;           &quot;[INFO] --- maven-jar-plugin:2.4:jar (default-jar) @ console-app ---&quot;           &quot;[INFO] Building jar: C:\code\multi-module-maven-release-plugin\target\samples\deep-dependencies\2249c93c-dd01-49f2-a9d7-b25461c95474\console-app\target\console-app-3.2.2.jar&quot;           &quot;[INFO] &quot;           &quot;[INFO] --- maven-install-plugin:2.4:install (default-install) @ console-app ---&quot;           &quot;[INFO] Installing C:\code\multi-module-maven-release-plugin\target\samples\deep-dependencies\2249c93c-dd01-49f2-a9d7-b25461c95474\console-app\target\console-app-3.2.2.jar to C:\Users\Daniel\.m2\repository\com\github\danielflower\mavenplugins\testprojects\deepdependencies\console-app\3.2.2\console-app-3.2.2.jar&quot;           &quot;[INFO] Installing C:\code\multi-module-maven-release-plugin\target\samples\deep-dependencies\2249c93c-dd01-49f2-a9d7-b25461c95474\console-app\pom.xml to C:\Users\Daniel\.m2\repository\com\github\danielflower\mavenplugins\testprojects\deepdependencies\console-app\3.2.2\console-app-3.2.2.pom&quot;           &quot;[INFO]                                                                         &quot;           &quot;[INFO] ------------------------------------------------------------------------&quot;           &quot;[INFO] Building deep-dependencies-aggregator 1.0.2&quot;           &quot;[INFO] ------------------------------------------------------------------------&quot;           &quot;[INFO] &quot;           &quot;[INFO] --- maven-install-plugin:2.4:install (default-install) @ deep-dependencies-aggregator ---&quot;           &quot;[INFO] Installing C:\code\multi-module-maven-release-plugin\target\samples\deep-dependencies\2249c93c-dd01-49f2-a9d7-b25461c95474\pom.xml to C:\Users\Daniel\.m2\repository\com\github\danielflower\mavenplugins\testprojects\deepdependencies\deep-dependencies-aggregator\1.0.2\deep-dependencies-aggregator-1.0.2.pom&quot;           &quot;[INFO] ------------------------------------------------------------------------&quot;           &quot;[INFO] Reactor Summary:&quot;           &quot;[INFO] &quot;           &quot;[INFO] parent-module ...................................... SUCCESS [  0.482 s]&quot;           &quot;[INFO] more-utils ......................................... SUCCESS [  2.032 s]&quot;           &quot;[INFO] The Core Utilities ................................. SUCCESS [  0.641 s]&quot;           &quot;[INFO] console-app ........................................ SUCCESS [  0.093 s]&quot;           &quot;[INFO] deep-dependencies-aggregator ....................... SUCCESS [  0.017 s]&quot;           &quot;[INFO] ------------------------------------------------------------------------&quot;           &quot;[INFO] BUILD SUCCESS&quot;           &quot;[INFO] ------------------------------------------------------------------------&quot;           &quot;[INFO] Total time: 3.484 s&quot;           &quot;[INFO] Finished at: 2017-01-25T22:33:47+08:00&quot;           &quot;[INFO] Final Memory: 12M/491M&quot;           &quot;[INFO] ------------------------------------------------------------------------&quot;           &quot;[INFO] ------------------------------------------------------------------------&quot;           &quot;[INFO] Reactor Summary:&quot;           &quot;[INFO] &quot;           &quot;[INFO] parent-module ...................................... SKIPPED&quot;           &quot;[INFO] more-utils ......................................... SKIPPED&quot;           &quot;[INFO] The Core Utilities ................................. SKIPPED&quot;           &quot;[INFO] console-app ........................................ SKIPPED&quot;           &quot;[INFO] deep-dependencies-aggregator ....................... SUCCESS [  8.557 s]&quot;           &quot;[INFO] ------------------------------------------------------------------------&quot;           &quot;[INFO] BUILD SUCCESS&quot;           &quot;[INFO] ------------------------------------------------------------------------&quot;           &quot;[INFO] Total time: 8.787 s&quot;           &quot;[INFO] Finished at: 2017-01-25T22:33:48+08:00&quot;           &quot;[INFO] Final Memory: 11M/373M&quot;           &quot;[INFO] ------------------------------------------------------------------------&quot;</td>
<td></td></tr>
<tr class="a">
<td></td>
<td>
<div id="e2e.SkippingUnchangedModulesTest.ifThereHaveBeenNoChangesThenCanOptNotToReleaseAnythingerror" style="display:none;">
<div>
<pre>java.lang.AssertionError: 
Expected: a string containing &quot;No changes have been detected in any modules so will not perform release&quot; 1 times
     but: was matched 0 times in the following list:&quot;[INFO] Scanning for projects...&quot;&quot;[INFO] ------------------------------------------------------------------------&quot;&quot;[INFO] Reactor Build Order:&quot;&quot;[INFO]&quot;&quot;[INFO] parent-module&quot;&quot;[INFO] more-utils&quot;&quot;[INFO] The Core Utilities&quot;&quot;[INFO] console-app&quot;&quot;[INFO] deep-dependencies-aggregator&quot;&quot;[INFO]&quot;&quot;[INFO] ------------------------------------------------------------------------&quot;&quot;[INFO] Building deep-dependencies-aggregator 1.0-SNAPSHOT&quot;&quot;[INFO] ------------------------------------------------------------------------&quot;&quot;[INFO]&quot;&quot;[INFO] --- multi-module-maven-release-plugin:2.1-SNAPSHOT:release (default-cli) @ deep-dependencies-aggregator ---&quot;&quot;[INFO] Will use version 1.2.3.1 for parent-module as it has not been changed since that release.&quot;&quot;[INFO] Will use version 10.0.1 for more-utils as it has not been changed since that release.&quot;&quot;[INFO] Will use version 2.0.1 for core-utils as it has not been changed since that release.&quot;&quot;[INFO] Will use version 3.2.1 for console-app as it has not been changed since that release.&quot;&quot;[INFO] Will use version 1.0.1 for deep-dependencies-aggregator as it has not been changed since that release.&quot;&quot;[WARNING] No changes have been detected in any modules so will re-release them all&quot;&quot;[INFO] Going to release parent-module 1.2.3.2&quot;&quot;[INFO] Going to release more-utils 10.0.2&quot;&quot;[INFO] Going to release core-utils 2.0.2&quot;&quot;[INFO] Going to release console-app 3.2.2&quot;&quot;[INFO] Going to release deep-dependencies-aggregator 1.0.2&quot;&quot;[INFO] About to tag the repository with parent-module-1.2.3.2&quot;&quot;[INFO] About to tag the repository with more-utils-10.0.2&quot;&quot;[INFO] About to tag the repository with core-utils-2.0.2&quot;&quot;[INFO] About to tag the repository with console-app-3.2.2&quot;&quot;[INFO] About to tag the repository with deep-dependencies-aggregator-1.0.2&quot;&quot;[INFO] About to run mvn [install] with no profiles activated&quot;&quot;[INFO] Error stacktraces are turned on.&quot;&quot;[INFO] Scanning for projects...&quot;&quot;[INFO] ------------------------------------------------------------------------&quot;&quot;[INFO] Reactor Build Order:&quot;&quot;[INFO]&quot;&quot;[INFO] parent-module&quot;&quot;[INFO] more-utils&quot;&quot;[INFO] The Core Utilities&quot;&quot;[INFO] console-app&quot;&quot;[INFO] deep-dependencies-aggregator&quot;&quot;[INFO]&quot;&quot;[INFO] ------------------------------------------------------------------------&quot;&quot;[INFO] Building parent-module 1.2.3.2&quot;&quot;[INFO] ------------------------------------------------------------------------&quot;&quot;[INFO]&quot;&quot;[INFO] --- maven-install-plugin:2.4:install (default-install) @ parent-module ---&quot;&quot;[INFO] Installing C:\code\multi-module-maven-release-plugin\target\samples\deep-dependencies\2249c93c-dd01-49f2-a9d7-b25461c95474\parent-module\pom.xml to C:\Users\Daniel\.m2\repository\com\github\danielflower\mavenplugins\testprojects\deepdependencies\parent-module\1.2.3.2\parent-module-1.2.3.2.pom&quot;&quot;[INFO]&quot;&quot;[INFO] ------------------------------------------------------------------------&quot;&quot;[INFO] Building more-utils 10.0.2&quot;&quot;[INFO] ------------------------------------------------------------------------&quot;&quot;[INFO]&quot;&quot;[INFO] --- maven-resources-plugin:2.6:resources (default-resources) @ more-utils ---&quot;&quot;[INFO] Using 'UTF-8' encoding to copy filtered resources.&quot;&quot;[INFO] skip non existing resourceDirectory C:\code\multi-module-maven-release-plugin\target\samples\deep-dependencies\2249c93c-dd01-49f2-a9d7-b25461c95474\more-utilities\src\main\resources&quot;&quot;[INFO]&quot;&quot;[INFO] --- maven-compiler-plugin:3.1:compile (default-compile) @ more-utils ---&quot;&quot;[INFO] Nothing to compile - all classes are up to date&quot;&quot;[INFO]&quot;&quot;[INFO] --- maven-resources-plugin:2.6:testResources (default-testResources) @ more-utils ---&quot;&quot;[INFO] Using 'UTF-8' encoding to copy filtered resources.&quot;&quot;[INFO] skip non existing resourceDirectory C:\code\multi-module-maven-release-plugin\target\samples\deep-dependencies\2249c93c-dd01-49f2-a9d7-b25461c95474\more-utilities\src\test\resources&quot;&quot;[INFO]&quot;&quot;[INFO] --- maven-compiler-plugin:3.1:testCompile (default-testCompile) @ more-utils ---&quot;&quot;[INFO] Nothing to compile - all classes are up to date&quot;&quot;[INFO]&quot;&quot;[INFO] --- maven-surefire-plugin:2.12.4:test (default-test) @ more-utils ---&quot;&quot;[INFO] Surefire report directory: C:\code\multi-module-maven-release-plugin\target\samples\deep-dependencies\2249c93c-dd01-49f2-a9d7-b25461c95474\more-utilities\target\surefire-reports&quot;&quot;&quot;&quot;-------------------------------------------------------&quot;&quot; T E S T S&quot;&quot;-------------------------------------------------------&quot;&quot;Running com.github.danielflower.mavenplugins.testprojects.versioninheritor.CalculatorTest&quot;&quot;The Calculator Test has run&quot;&quot;Tests run: 1, Failures: 0, Errors: 0, Skipped: 0, Time elapsed: 0.068 sec&quot;&quot;&quot;&quot;Results :&quot;&quot;&quot;&quot;Tests run: 1, Failures: 0, Errors: 0, Skipped: 0&quot;&quot;&quot;&quot;[INFO]&quot;&quot;[INFO] --- maven-jar-plugin:2.4:jar (default-jar) @ more-utils ---&quot;&quot;[INFO] Building jar: C:\code\multi-module-maven-release-plugin\target\samples\deep-dependencies\2249c93c-dd01-49f2-a9d7-b25461c95474\more-utilities\target\more-utils-10.0.2.jar&quot;&quot;[INFO]&quot;&quot;[INFO] --- maven-install-plugin:2.4:install (default-install) @ more-utils ---&quot;&quot;[INFO] Installing C:\code\multi-module-maven-release-plugin\target\samples\deep-dependencies\2249c93c-dd01-49f2-a9d7-b25461c95474\more-utilities\target\more-utils-10.0.2.jar to C:\Users\Daniel\.m2\repository\com\github\danielflower\mavenplugins\testprojects\deepdependencies\more-utils\10.0.2\more-utils-10.0.2.jar&quot;&quot;[INFO] Installing C:\code\multi-module-maven-release-plugin\target\samples\deep-dependencies\2249c93c-dd01-49f2-a9d7-b25461c95474\more-utilities\pom.xml to C:\Users\Daniel\.m2\repository\com\github\danielflower\mavenplugins\testprojects\deepdependencies\more-utils\10.0.2\more-utils-10.0.2.pom&quot;&quot;[INFO]&quot;&quot;[INFO] ------------------------------------------------------------------------&quot;&quot;[INFO] Building The Core Utilities 2.0.2&quot;&quot;[INFO] ------------------------------------------------------------------------&quot;&quot;[INFO]&quot;&quot;[INFO] --- maven-resources-plugin:2.6:resources (default-resources) @ core-utils ---&quot;&quot;[INFO] Using 'UTF-8' encoding to copy filtered resources.&quot;&quot;[INFO] skip non existing resourceDirectory C:\code\multi-module-maven-release-plugin\target\samples\deep-dependencies\2249c93c-dd01-49f2-a9d7-b25461c95474\the-core-utilities\src\main\resources&quot;&quot;[INFO]&quot;&quot;[INFO] --- maven-compiler-plugin:3.1:compile (default-compile) @ core-utils ---&quot;&quot;[INFO] Nothing to compile - all classes are up to date&quot;&quot;[INFO]&quot;&quot;[INFO] --- maven-resources-plugin:2.6:testResources (default-testResources) @ core-utils ---&quot;&quot;[INFO] Using 'UTF-8' encoding to copy filtered resources.&quot;&quot;[INFO] skip non existing resourceDirectory C:\code\multi-module-maven-release-plugin\target\samples\deep-dependencies\2249c93c-dd01-49f2-a9d7-b25461c95474\the-core-utilities\src\test\resources&quot;&quot;[INFO]&quot;&quot;[INFO] --- maven-compiler-plugin:3.1:testCompile (default-testCompile) @ core-utils ---&quot;&quot;[INFO] Nothing to compile - all classes are up to date&quot;&quot;[INFO]&quot;&quot;[INFO] --- maven-surefire-plugin:2.12.4:test (default-test) @ core-utils ---&quot;&quot;[INFO] Surefire report directory: C:\code\multi-module-maven-release-plugin\target\samples\deep-dependencies\2249c93c-dd01-49f2-a9d7-b25461c95474\the-core-utilities\target\surefire-reports&quot;&quot;&quot;&quot;-------------------------------------------------------&quot;&quot; T E S T S&quot;&quot;-------------------------------------------------------&quot;&quot;Running com.github.danielflower.mavenplugins.testprojects.versioninheritor.CalculatorTest&quot;&quot;The Calculator Test has run&quot;&quot;Tests run: 1, Failures: 0, Errors: 0, Skipped: 0, Time elapsed: 0.109 sec&quot;&quot;&quot;&quot;Results :&quot;&quot;&quot;&quot;Tests run: 1, Failures: 0, Errors: 0, Skipped: 0&quot;&quot;&quot;&quot;[INFO]&quot;&quot;[INFO] --- maven-jar-plugin:2.4:jar (default-jar) @ core-utils ---&quot;&quot;[INFO] Building jar: C:\code\multi-module-maven-release-plugin\target\samples\deep-dependencies\2249c93c-dd01-49f2-a9d7-b25461c95474\the-core-utilities\target\core-utils-2.0.2.jar&quot;&quot;[INFO]&quot;&quot;[INFO] --- maven-install-plugin:2.4:install (default-install) @ core-utils ---&quot;&quot;[INFO] Installing C:\code\multi-module-maven-release-plugin\target\samples\deep-dependencies\2249c93c-dd01-49f2-a9d7-b25461c95474\the-core-utilities\target\core-utils-2.0.2.jar to C:\Users\Daniel\.m2\repository\com\github\danielflower\mavenplugins\testprojects\deepdependencies\core-utils\2.0.2\core-utils-2.0.2.jar&quot;&quot;[INFO] Installing C:\code\multi-module-maven-release-plugin\target\samples\deep-dependencies\2249c93c-dd01-49f2-a9d7-b25461c95474\the-core-utilities\pom.xml to C:\Users\Daniel\.m2\repository\com\github\danielflower\mavenplugins\testprojects\deepdependencies\core-utils\2.0.2\core-utils-2.0.2.pom&quot;&quot;[INFO]&quot;&quot;[INFO] ------------------------------------------------------------------------&quot;&quot;[INFO] Building console-app 3.2.2&quot;&quot;[INFO] ------------------------------------------------------------------------&quot;&quot;[INFO]&quot;&quot;[INFO] --- maven-resources-plugin:2.6:resources (default-resources) @ console-app ---&quot;&quot;[INFO] Using 'UTF-8' encoding to copy filtered resources.&quot;&quot;[INFO] skip non existing resourceDirectory C:\code\multi-module-maven-release-plugin\target\samples\deep-dependencies\2249c93c-dd01-49f2-a9d7-b25461c95474\console-app\src\main\resources&quot;&quot;[INFO]&quot;&quot;[INFO] --- maven-compiler-plugin:3.1:compile (default-compile) @ console-app ---&quot;&quot;[INFO] Nothing to compile - all classes are up to date&quot;&quot;[INFO]&quot;&quot;[INFO] --- maven-resources-plugin:2.6:testResources (default-testResources) @ console-app ---&quot;&quot;[INFO] Using 'UTF-8' encoding to copy filtered resources.&quot;&quot;[INFO] skip non existing resourceDirectory C:\code\multi-module-maven-release-plugin\target\samples\deep-dependencies\2249c93c-dd01-49f2-a9d7-b25461c95474\console-app\src\test\resources&quot;&quot;[INFO]&quot;&quot;[INFO] --- maven-compiler-plugin:3.1:testCompile (default-testCompile) @ console-app ---&quot;&quot;[INFO] No sources to compile&quot;&quot;[INFO]&quot;&quot;[INFO] --- maven-surefire-plugin:2.12.4:test (default-test) @ console-app ---&quot;&quot;[INFO] No tests to run.&quot;&quot;[INFO]&quot;&quot;[INFO] --- maven-jar-plugin:2.4:jar (default-jar) @ console-app ---&quot;&quot;[INFO] Building jar: C:\code\multi-module-maven-release-plugin\target\samples\deep-dependencies\2249c93c-dd01-49f2-a9d7-b25461c95474\console-app\target\console-app-3.2.2.jar&quot;&quot;[INFO]&quot;&quot;[INFO] --- maven-install-plugin:2.4:install (default-install) @ console-app ---&quot;&quot;[INFO] Installing C:\code\multi-module-maven-release-plugin\target\samples\deep-dependencies\2249c93c-dd01-49f2-a9d7-b25461c95474\console-app\target\console-app-3.2.2.jar to C:\Users\Daniel\.m2\repository\com\github\danielflower\mavenplugins\testprojects\deepdependencies\console-app\3.2.2\console-app-3.2.2.jar&quot;&quot;[INFO] Installing C:\code\multi-module-maven-release-plugin\target\samples\deep-dependencies\2249c93c-dd01-49f2-a9d7-b25461c95474\console-app\pom.xml to C:\Users\Daniel\.m2\repository\com\github\danielflower\mavenplugins\testprojects\deepdependencies\console-app\3.2.2\console-app-3.2.2.pom&quot;&quot;[INFO]&quot;&quot;[INFO] ------------------------------------------------------------------------&quot;&quot;[INFO] Building deep-dependencies-aggregator 1.0.2&quot;&quot;[INFO] ------------------------------------------------------------------------&quot;&quot;[INFO]&quot;&quot;[INFO] --- maven-install-plugin:2.4:install (default-install) @ deep-dependencies-aggregator ---&quot;&quot;[INFO] Installing C:\code\multi-module-maven-release-plugin\target\samples\deep-dependencies\2249c93c-dd01-49f2-a9d7-b25461c95474\pom.xml to C:\Users\Daniel\.m2\repository\com\github\danielflower\mavenplugins\testprojects\deepdependencies\deep-dependencies-aggregator\1.0.2\deep-dependencies-aggregator-1.0.2.pom&quot;&quot;[INFO] ------------------------------------------------------------------------&quot;&quot;[INFO] Reactor Summary:&quot;&quot;[INFO]&quot;&quot;[INFO] parent-module ...................................... SUCCESS [  0.482 s]&quot;&quot;[INFO] more-utils ......................................... SUCCESS [  2.032 s]&quot;&quot;[INFO] The Core Utilities ................................. SUCCESS [  0.641 s]&quot;&quot;[INFO] console-app ........................................ SUCCESS [  0.093 s]&quot;&quot;[INFO] deep-dependencies-aggregator ....................... SUCCESS [  0.017 s]&quot;&quot;[INFO] ------------------------------------------------------------------------&quot;&quot;[INFO] BUILD SUCCESS&quot;&quot;[INFO] ------------------------------------------------------------------------&quot;&quot;[INFO] Total time: 3.484 s&quot;&quot;[INFO] Finished at: 2017-01-25T22:33:47+08:00&quot;&quot;[INFO] Final Memory: 12M/491M&quot;&quot;[INFO] ------------------------------------------------------------------------&quot;&quot;[INFO] ------------------------------------------------------------------------&quot;&quot;[INFO] Reactor Summary:&quot;&quot;[INFO]&quot;&quot;[INFO] parent-module ...................................... SKIPPED&quot;&quot;[INFO] more-utils ......................................... SKIPPED&quot;&quot;[INFO] The Core Utilities ................................. SKIPPED&quot;&quot;[INFO] console-app ........................................ SKIPPED&quot;&quot;[INFO] deep-dependencies-aggregator ....................... SUCCESS [  8.557 s]&quot;&quot;[INFO] ------------------------------------------------------------------------&quot;&quot;[INFO] BUILD SUCCESS&quot;&quot;[INFO] ------------------------------------------------------------------------&quot;&quot;[INFO] Total time: 8.787 s&quot;&quot;[INFO] Finished at: 2017-01-25T22:33:48+08:00&quot;&quot;[INFO] Final Memory: 11M/373M&quot;&quot;[INFO] ------------------------------------------------------------------------&quot;
	at org.hamcrest.MatcherAssert.assertThat(MatcherAssert.java:20)
	at org.hamcrest.MatcherAssert.assertThat(MatcherAssert.java:8)
	at e2e.SkippingUnchangedModulesTest.ifThereHaveBeenNoChangesThenCanOptNotToReleaseAnything(SkippingUnchangedModulesTest.java:84)
	at sun.reflect.NativeMethodAccessorImpl.invoke0(Native Method)
	at sun.reflect.NativeMethodAccessorImpl.invoke(NativeMethodAccessorImpl.java:62)
	at sun.reflect.DelegatingMethodAccessorImpl.invoke(DelegatingMethodAccessorImpl.java:43)
	at java.lang.reflect.Method.invoke(Method.java:498)
	at org.junit.runners.model.FrameworkMethod$1.runReflectiveCall(FrameworkMethod.java:50)
	at org.junit.internal.runners.model.ReflectiveCallable.run(ReflectiveCallable.java:12)
	at org.junit.runners.model.FrameworkMethod.invokeExplosively(FrameworkMethod.java:47)
	at org.junit.internal.runners.statements.InvokeMethod.evaluate(InvokeMethod.java:17)
	at org.junit.runners.ParentRunner.runLeaf(ParentRunner.java:325)
	at org.junit.runners.BlockJUnit4ClassRunner.runChild(BlockJUnit4ClassRunner.java:78)
	at org.junit.runners.BlockJUnit4ClassRunner.runChild(BlockJUnit4ClassRunner.java:57)
	at org.junit.runners.ParentRunner$3.run(ParentRunner.java:290)
	at org.junit.runners.ParentRunner$1.schedule(ParentRunner.java:71)
	at org.junit.runners.ParentRunner.runChildren(ParentRunner.java:288)
	at org.junit.runners.ParentRunner.access$000(ParentRunner.java:58)
	at org.junit.runners.ParentRunner$2.evaluate(ParentRunner.java:268)
	at org.junit.internal.runners.statements.RunBefores.evaluate(RunBefores.java:26)
	at org.junit.runners.ParentRunner.run(ParentRunner.java:363)
	at org.apache.maven.surefire.junit4.JUnit4Provider.execute(JUnit4Provider.java:252)
	at org.apache.maven.surefire.junit4.JUnit4Provider.executeTestSet(JUnit4Provider.java:141)
	at org.apache.maven.surefire.junit4.JUnit4Provider.invoke(JUnit4Provider.java:112)
	at sun.reflect.NativeMethodAccessorImpl.invoke0(Native Method)
	at sun.reflect.NativeMethodAccessorImpl.invoke(NativeMethodAccessorImpl.java:62)
	at sun.reflect.DelegatingMethodAccessorImpl.invoke(DelegatingMethodAccessorImpl.java:43)
	at java.lang.reflect.Method.invoke(Method.java:498)
	at org.apache.maven.surefire.util.ReflectionUtils.invokeMethodWithArray(ReflectionUtils.java:189)
	at org.apache.maven.surefire.booter.ProviderFactory$ProviderProxy.invoke(ProviderFactory.java:165)
	at org.apache.maven.surefire.booter.ProviderFactory.invokeProvider(ProviderFactory.java:85)
	at org.apache.maven.surefire.booter.ForkedBooter.runSuitesInProcess(ForkedBooter.java:115)
	at org.apache.maven.surefire.booter.ForkedBooter.main(ForkedBooter.java:75)</pre></div></div></td>
<td></td></tr>
<tr class="b">
<td><img src="images/icon_success_sml.gif" alt="" /></td>
<td><a name="TC_e2e.SkippingUnchangedModulesTest.ifThereHaveBeenNoChangesThenReReleaseAllModules"></a>ifThereHaveBeenNoChangesThenReReleaseAllModules</td>
<td>22.349</td></tr></table></div>
<div class="section">
<h3><a name="TestRunningTest"></a>TestRunningTest</h3><a name="e2eTestRunningTest"></a>
<table border="1" class="table table-striped">
<tr class="a">
<td><img src="images/icon_success_sml.gif" alt="" /></td>
<td><a name="TC_e2e.TestRunningTest.ifTestsAreSkippedYouCanReleaseWithoutRunningThem"></a>ifTestsAreSkippedYouCanReleaseWithoutRunningThem</td>
<td>8.622</td></tr>
<tr class="b">
<td><img src="images/icon_success_sml.gif" alt="" /></td>
<td><a name="TC_e2e.TestRunningTest.doesNotReleaseIfThereAreTestFailuresButTagsAreStillWritten"></a>doesNotReleaseIfThereAreTestFailuresButTagsAreStillWritten</td>
<td>8.862</td></tr></table></div>
<div class="section">
<h3><a name="ValidationTest"></a>ValidationTest</h3><a name="e2eValidationTest"></a>
<table border="1" class="table table-striped">
<tr class="a">
<td><img src="images/icon_success_sml.gif" alt="" /></td>
<td><a name="TC_e2e.ValidationTest.ifAReleaseTagAlreadyExistsInTheRemoteRepoThenItErrorsEarly"></a>ifAReleaseTagAlreadyExistsInTheRemoteRepoThenItErrorsEarly</td>
<td>3.451</td></tr>
<tr class="b">
<td><img src="images/icon_success_sml.gif" alt="" /></td>
<td><a name="TC_e2e.ValidationTest.failsIfThereAreDependenciesOnSnapshotVersionsThatAreNotPartOfTheReactor"></a>failsIfThereAreDependenciesOnSnapshotVersionsThatAreNotPartOfTheReactor</td>
<td>16.87</td></tr>
<tr class="a">
<td><img src="images/icon_success_sml.gif" alt="" /></td>
<td><a name="TC_e2e.ValidationTest.failsIfThereAreDependenciesOnSnapshotVersionsWithVersionPropertiesThatAreNotPartOfTheReactor"></a>failsIfThereAreDependenciesOnSnapshotVersionsWithVersionPropertiesThatAreNotPartOfTheReactor</td>
<td>15.418</td></tr>
<tr class="b">
<td><img src="images/icon_success_sml.gif" alt="" /></td>
<td><a name="TC_e2e.ValidationTest.failsIfThereAreUntrackedFiles"></a>failsIfThereAreUntrackedFiles</td>
<td>3.361</td></tr>
<tr class="a">
<td><img src="images/icon_success_sml.gif" alt="" /></td>
<td><a name="TC_e2e.ValidationTest.ifIOErrorOccursWhileUpdatingPomsThenThisIsReported"></a>ifIOErrorOccursWhileUpdatingPomsThenThisIsReported</td>
<td>3.889</td></tr>
<tr class="b">
<td><img src="images/icon_success_sml.gif" alt="" /></td>
<td><a name="TC_e2e.ValidationTest.ifTheSameVersionIsReleasedTwiceItErrorsLoudly"></a>ifTheSameVersionIsReleasedTwiceItErrorsLoudly</td>
<td>13.13</td></tr>
<tr class="a">
<td><img src="images/icon_success_sml.gif" alt="" /></td>
<td><a name="TC_e2e.ValidationTest.failsIfThereAreUncommittedFiles"></a>failsIfThereAreUncommittedFiles</td>
<td>3.881</td></tr></table></div><br /></div>
<div class="section">
<h2><a name="Failure_Details"></a>Failure Details</h2><a name="Failure_Details"></a>
<p>[<a href="#Summary">Summary</a>] [<a href="#Package_List">Package List</a>] [<a href="#Test_Cases">Test Cases</a>]</p><br />
<table border="1" class="table table-striped">
<tr class="a">
<td><img src="images/icon_error_sml.gif" alt="" /></td>
<td><a name="e2e.NextMojoTest.ifThereHaveBeenNoChangesCanOptToReleaseNoModules"></a>ifThereHaveBeenNoChangesCanOptToReleaseNoModules</td></tr>
<tr class="b">
<td></td>
<td>java.lang.AssertionError:  Expected: a string containing &quot;[WARNING] No changes have been detected in any modules so will not perform release&quot; 1 times      but: was matched 0 times in the following list:           &quot;[INFO] Scanning for projects...&quot;           &quot;[INFO] ------------------------------------------------------------------------&quot;           &quot;[INFO] Reactor Build Order:&quot;           &quot;[INFO] &quot;           &quot;[INFO] parent-module&quot;           &quot;[INFO] more-utils&quot;           &quot;[INFO] The Core Utilities&quot;           &quot;[INFO] console-app&quot;           &quot;[INFO] deep-dependencies-aggregator&quot;           &quot;[INFO]                                                                         &quot;           &quot;[INFO] ------------------------------------------------------------------------&quot;           &quot;[INFO] Building deep-dependencies-aggregator 1.0-SNAPSHOT&quot;           &quot;[INFO] ------------------------------------------------------------------------&quot;           &quot;[INFO] &quot;           &quot;[INFO] --- multi-module-maven-release-plugin:2.1-SNAPSHOT:next (default-cli) @ deep-dependencies-aggregator ---&quot;           &quot;[INFO] Will use version 1.2.3.1 for parent-module as it has not been changed since that release.&quot;           &quot;[INFO] Will use version 10.0.1 for more-utils as it has not been changed since that release.&quot;           &quot;[INFO] Will use version 2.0.1 for core-utils as it has not been changed since that release.&quot;           &quot;[INFO] Will use version 3.2.1 for console-app as it has not been changed since that release.&quot;           &quot;[INFO] Will use version 1.0.1 for deep-dependencies-aggregator as it has not been changed since that release.&quot;           &quot;[WARNING] No changes have been detected in any modules so will re-release them all&quot;           &quot;[INFO] ------------------------------------------------------------------------&quot;           &quot;[INFO] Reactor Summary:&quot;           &quot;[INFO] &quot;           &quot;[INFO] parent-module ...................................... SKIPPED&quot;           &quot;[INFO] more-utils ......................................... SKIPPED&quot;           &quot;[INFO] The Core Utilities ................................. SKIPPED&quot;           &quot;[INFO] console-app ........................................ SKIPPED&quot;           &quot;[INFO] deep-dependencies-aggregator ....................... SUCCESS [  1.417 s]&quot;           &quot;[INFO] ------------------------------------------------------------------------&quot;           &quot;[INFO] BUILD SUCCESS&quot;           &quot;[INFO] ------------------------------------------------------------------------&quot;           &quot;[INFO] Total time: 1.636 s&quot;           &quot;[INFO] Finished at: 2017-01-25T22:28:52+08:00&quot;           &quot;[INFO] Final Memory: 9M/491M&quot;           &quot;[INFO] ------------------------------------------------------------------------&quot;</td></tr>
<tr class="a">
<td></td>
<td>
<div id="ifThereHaveBeenNoChangesCanOptToReleaseNoModuleserror">e2e.NextMojoTest:93</div></td></tr>
<tr class="b">
<td><img src="images/icon_error_sml.gif" alt="" /></td>
<td><a name="e2e.SkippingUnchangedModulesTest.ifThereHaveBeenNoChangesThenCanOptToFailTheBuild"></a>ifThereHaveBeenNoChangesThenCanOptToFailTheBuild</td></tr>
<tr class="a">
<td></td>
<td>java.lang.AssertionError: Expected an exception to be thrown</td></tr>
<tr class="b">
<td></td>
<td>
<div id="ifThereHaveBeenNoChangesThenCanOptToFailTheBuilderror">e2e.SkippingUnchangedModulesTest:99</div></td></tr>
<tr class="a">
<td><img src="images/icon_error_sml.gif" alt="" /></td>
<td><a name="e2e.SkippingUnchangedModulesTest.ifThereHaveBeenNoChangesThenCanOptNotToReleaseAnything"></a>ifThereHaveBeenNoChangesThenCanOptNotToReleaseAnything</td></tr>
<tr class="b">
<td></td>
<td>java.lang.AssertionError:  Expected: a string containing &quot;No changes have been detected in any modules so will not perform release&quot; 1 times      but: was matched 0 times in the following list:           &quot;[INFO] Scanning for projects...&quot;           &quot;[INFO] ------------------------------------------------------------------------&quot;           &quot;[INFO] Reactor Build Order:&quot;           &quot;[INFO] &quot;           &quot;[INFO] parent-module&quot;           &quot;[INFO] more-utils&quot;           &quot;[INFO] The Core Utilities&quot;           &quot;[INFO] console-app&quot;           &quot;[INFO] deep-dependencies-aggregator&quot;           &quot;[INFO]                                                                         &quot;           &quot;[INFO] ------------------------------------------------------------------------&quot;           &quot;[INFO] Building deep-dependencies-aggregator 1.0-SNAPSHOT&quot;           &quot;[INFO] ------------------------------------------------------------------------&quot;           &quot;[INFO] &quot;           &quot;[INFO] --- multi-module-maven-release-plugin:2.1-SNAPSHOT:release (default-cli) @ deep-dependencies-aggregator ---&quot;           &quot;[INFO] Will use version 1.2.3.1 for parent-module as it has not been changed since that release.&quot;           &quot;[INFO] Will use version 10.0.1 for more-utils as it has not been changed since that release.&quot;           &quot;[INFO] Will use version 2.0.1 for core-utils as it has not been changed since that release.&quot;           &quot;[INFO] Will use version 3.2.1 for console-app as it has not been changed since that release.&quot;           &quot;[INFO] Will use version 1.0.1 for deep-dependencies-aggregator as it has not been changed since that release.&quot;           &quot;[WARNING] No changes have been detected in any modules so will re-release them all&quot;           &quot;[INFO] Going to release parent-module 1.2.3.2&quot;           &quot;[INFO] Going to release more-utils 10.0.2&quot;           &quot;[INFO] Going to release core-utils 2.0.2&quot;           &quot;[INFO] Going to release console-app 3.2.2&quot;           &quot;[INFO] Going to release deep-dependencies-aggregator 1.0.2&quot;           &quot;[INFO] About to tag the repository with parent-module-1.2.3.2&quot;           &quot;[INFO] About to tag the repository with more-utils-10.0.2&quot;           &quot;[INFO] About to tag the repository with core-utils-2.0.2&quot;           &quot;[INFO] About to tag the repository with console-app-3.2.2&quot;           &quot;[INFO] About to tag the repository with deep-dependencies-aggregator-1.0.2&quot;           &quot;[INFO] About to run mvn [install] with no profiles activated&quot;           &quot;[INFO] Error stacktraces are turned on.&quot;           &quot;[INFO] Scanning for projects...&quot;           &quot;[INFO] ------------------------------------------------------------------------&quot;           &quot;[INFO] Reactor Build Order:&quot;           &quot;[INFO] &quot;           &quot;[INFO] parent-module&quot;           &quot;[INFO] more-utils&quot;           &quot;[INFO] The Core Utilities&quot;           &quot;[INFO] console-app&quot;           &quot;[INFO] deep-dependencies-aggregator&quot;           &quot;[INFO]                                                                         &quot;           &quot;[INFO] ------------------------------------------------------------------------&quot;           &quot;[INFO] Building parent-module 1.2.3.2&quot;           &quot;[INFO] ------------------------------------------------------------------------&quot;           &quot;[INFO] &quot;           &quot;[INFO] --- maven-install-plugin:2.4:install (default-install) @ parent-module ---&quot;           &quot;[INFO] Installing C:\code\multi-module-maven-release-plugin\target\samples\deep-dependencies\2249c93c-dd01-49f2-a9d7-b25461c95474\parent-module\pom.xml to C:\Users\Daniel\.m2\repository\com\github\danielflower\mavenplugins\testprojects\deepdependencies\parent-module\1.2.3.2\parent-module-1.2.3.2.pom&quot;           &quot;[INFO]                                                                         &quot;           &quot;[INFO] ------------------------------------------------------------------------&quot;           &quot;[INFO] Building more-utils 10.0.2&quot;           &quot;[INFO] ------------------------------------------------------------------------&quot;           &quot;[INFO] &quot;           &quot;[INFO] --- maven-resources-plugin:2.6:resources (default-resources) @ more-utils ---&quot;           &quot;[INFO] Using 'UTF-8' encoding to copy filtered resources.&quot;           &quot;[INFO] skip non existing resourceDirectory C:\code\multi-module-maven-release-plugin\target\samples\deep-dependencies\2249c93c-dd01-49f2-a9d7-b25461c95474\more-utilities\src\main\resources&quot;           &quot;[INFO] &quot;           &quot;[INFO] --- maven-compiler-plugin:3.1:compile (default-compile) @ more-utils ---&quot;           &quot;[INFO] Nothing to compile - all classes are up to date&quot;           &quot;[INFO] &quot;           &quot;[INFO] --- maven-resources-plugin:2.6:testResources (default-testResources) @ more-utils ---&quot;           &quot;[INFO] Using 'UTF-8' encoding to copy filtered resources.&quot;           &quot;[INFO] skip non existing resourceDirectory C:\code\multi-module-maven-release-plugin\target\samples\deep-dependencies\2249c93c-dd01-49f2-a9d7-b25461c95474\more-utilities\src\test\resources&quot;           &quot;[INFO] &quot;           &quot;[INFO] --- maven-compiler-plugin:3.1:testCompile (default-testCompile) @ more-utils ---&quot;           &quot;[INFO] Nothing to compile - all classes are up to date&quot;           &quot;[INFO] &quot;           &quot;[INFO] --- maven-surefire-plugin:2.12.4:test (default-test) @ more-utils ---&quot;           &quot;[INFO] Surefire report directory: C:\code\multi-module-maven-release-plugin\target\samples\deep-dependencies\2249c93c-dd01-49f2-a9d7-b25461c95474\more-utilities\target\surefire-reports&quot;           &quot;&quot;           &quot;-------------------------------------------------------&quot;           &quot; T E S T S&quot;           &quot;-------------------------------------------------------&quot;           &quot;Running com.github.danielflower.mavenplugins.testprojects.versioninheritor.CalculatorTest&quot;           &quot;The Calculator Test has run&quot;           &quot;Tests run: 1, Failures: 0, Errors: 0, Skipped: 0, Time elapsed: 0.068 sec&quot;           &quot;&quot;           &quot;Results :&quot;           &quot;&quot;           &quot;Tests run: 1, Failures: 0, Errors: 0, Skipped: 0&quot;           &quot;&quot;           &quot;[INFO] &quot;           &quot;[INFO] --- maven-jar-plugin:2.4:jar (default-jar) @ more-utils ---&quot;           &quot;[INFO] Building jar: C:\code\multi-module-maven-release-plugin\target\samples\deep-dependencies\2249c93c-dd01-49f2-a9d7-b25461c95474\more-utilities\target\more-utils-10.0.2.jar&quot;           &quot;[INFO] &quot;           &quot;[INFO] --- maven-install-plugin:2.4:install (default-install) @ more-utils ---&quot;           &quot;[INFO] Installing C:\code\multi-module-maven-release-plugin\target\samples\deep-dependencies\2249c93c-dd01-49f2-a9d7-b25461c95474\more-utilities\target\more-utils-10.0.2.jar to C:\Users\Daniel\.m2\repository\com\github\danielflower\mavenplugins\testprojects\deepdependencies\more-utils\10.0.2\more-utils-10.0.2.jar&quot;           &quot;[INFO] Installing C:\code\multi-module-maven-release-plugin\target\samples\deep-dependencies\2249c93c-dd01-49f2-a9d7-b25461c95474\more-utilities\pom.xml to C:\Users\Daniel\.m2\repository\com\github\danielflower\mavenplugins\testprojects\deepdependencies\more-utils\10.0.2\more-utils-10.0.2.pom&quot;           &quot;[INFO]                                                                         &quot;           &quot;[INFO] ------------------------------------------------------------------------&quot;           &quot;[INFO] Building The Core Utilities 2.0.2&quot;           &quot;[INFO] ------------------------------------------------------------------------&quot;           &quot;[INFO] &quot;           &quot;[INFO] --- maven-resources-plugin:2.6:resources (default-resources) @ core-utils ---&quot;           &quot;[INFO] Using 'UTF-8' encoding to copy filtered resources.&quot;           &quot;[INFO] skip non existing resourceDirectory C:\code\multi-module-maven-release-plugin\target\samples\deep-dependencies\2249c93c-dd01-49f2-a9d7-b25461c95474\the-core-utilities\src\main\resources&quot;           &quot;[INFO] &quot;           &quot;[INFO] --- maven-compiler-plugin:3.1:compile (default-compile) @ core-utils ---&quot;           &quot;[INFO] Nothing to compile - all classes are up to date&quot;           &quot;[INFO] &quot;           &quot;[INFO] --- maven-resources-plugin:2.6:testResources (default-testResources) @ core-utils ---&quot;           &quot;[INFO] Using 'UTF-8' encoding to copy filtered resources.&quot;           &quot;[INFO] skip non existing resourceDirectory C:\code\multi-module-maven-release-plugin\target\samples\deep-dependencies\2249c93c-dd01-49f2-a9d7-b25461c95474\the-core-utilities\src\test\resources&quot;           &quot;[INFO] &quot;           &quot;[INFO] --- maven-compiler-plugin:3.1:testCompile (default-testCompile) @ core-utils ---&quot;           &quot;[INFO] Nothing to compile - all classes are up to date&quot;           &quot;[INFO] &quot;           &quot;[INFO] --- maven-surefire-plugin:2.12.4:test (default-test) @ core-utils ---&quot;           &quot;[INFO] Surefire report directory: C:\code\multi-module-maven-release-plugin\target\samples\deep-dependencies\2249c93c-dd01-49f2-a9d7-b25461c95474\the-core-utilities\target\surefire-reports&quot;           &quot;&quot;           &quot;-------------------------------------------------------&quot;           &quot; T E S T S&quot;           &quot;-------------------------------------------------------&quot;           &quot;Running com.github.danielflower.mavenplugins.testprojects.versioninheritor.CalculatorTest&quot;           &quot;The Calculator Test has run&quot;           &quot;Tests run: 1, Failures: 0, Errors: 0, Skipped: 0, Time elapsed: 0.109 sec&quot;           &quot;&quot;           &quot;Results :&quot;           &quot;&quot;           &quot;Tests run: 1, Failures: 0, Errors: 0, Skipped: 0&quot;           &quot;&quot;           &quot;[INFO] &quot;           &quot;[INFO] --- maven-jar-plugin:2.4:jar (default-jar) @ core-utils ---&quot;           &quot;[INFO] Building jar: C:\code\multi-module-maven-release-plugin\target\samples\deep-dependencies\2249c93c-dd01-49f2-a9d7-b25461c95474\the-core-utilities\target\core-utils-2.0.2.jar&quot;           &quot;[INFO] &quot;           &quot;[INFO] --- maven-install-plugin:2.4:install (default-install) @ core-utils ---&quot;           &quot;[INFO] Installing C:\code\multi-module-maven-release-plugin\target\samples\deep-dependencies\2249c93c-dd01-49f2-a9d7-b25461c95474\the-core-utilities\target\core-utils-2.0.2.jar to C:\Users\Daniel\.m2\repository\com\github\danielflower\mavenplugins\testprojects\deepdependencies\core-utils\2.0.2\core-utils-2.0.2.jar&quot;           &quot;[INFO] Installing C:\code\multi-module-maven-release-plugin\target\samples\deep-dependencies\2249c93c-dd01-49f2-a9d7-b25461c95474\the-core-utilities\pom.xml to C:\Users\Daniel\.m2\repository\com\github\danielflower\mavenplugins\testprojects\deepdependencies\core-utils\2.0.2\core-utils-2.0.2.pom&quot;           &quot;[INFO]                                                                         &quot;           &quot;[INFO] ------------------------------------------------------------------------&quot;           &quot;[INFO] Building console-app 3.2.2&quot;           &quot;[INFO] ------------------------------------------------------------------------&quot;           &quot;[INFO] &quot;           &quot;[INFO] --- maven-resources-plugin:2.6:resources (default-resources) @ console-app ---&quot;           &quot;[INFO] Using 'UTF-8' encoding to copy filtered resources.&quot;           &quot;[INFO] skip non existing resourceDirectory C:\code\multi-module-maven-release-plugin\target\samples\deep-dependencies\2249c93c-dd01-49f2-a9d7-b25461c95474\console-app\src\main\resources&quot;           &quot;[INFO] &quot;           &quot;[INFO] --- maven-compiler-plugin:3.1:compile (default-compile) @ console-app ---&quot;           &quot;[INFO] Nothing to compile - all classes are up to date&quot;           &quot;[INFO] &quot;           &quot;[INFO] --- maven-resources-plugin:2.6:testResources (default-testResources) @ console-app ---&quot;           &quot;[INFO] Using 'UTF-8' encoding to copy filtered resources.&quot;           &quot;[INFO] skip non existing resourceDirectory C:\code\multi-module-maven-release-plugin\target\samples\deep-dependencies\2249c93c-dd01-49f2-a9d7-b25461c95474\console-app\src\test\resources&quot;           &quot;[INFO] &quot;           &quot;[INFO] --- maven-compiler-plugin:3.1:testCompile (default-testCompile) @ console-app ---&quot;           &quot;[INFO] No sources to compile&quot;           &quot;[INFO] &quot;           &quot;[INFO] --- maven-surefire-plugin:2.12.4:test (default-test) @ console-app ---&quot;           &quot;[INFO] No tests to run.&quot;           &quot;[INFO] &quot;           &quot;[INFO] --- maven-jar-plugin:2.4:jar (default-jar) @ console-app ---&quot;           &quot;[INFO] Building jar: C:\code\multi-module-maven-release-plugin\target\samples\deep-dependencies\2249c93c-dd01-49f2-a9d7-b25461c95474\console-app\target\console-app-3.2.2.jar&quot;           &quot;[INFO] &quot;           &quot;[INFO] --- maven-install-plugin:2.4:install (default-install) @ console-app ---&quot;           &quot;[INFO] Installing C:\code\multi-module-maven-release-plugin\target\samples\deep-dependencies\2249c93c-dd01-49f2-a9d7-b25461c95474\console-app\target\console-app-3.2.2.jar to C:\Users\Daniel\.m2\repository\com\github\danielflower\mavenplugins\testprojects\deepdependencies\console-app\3.2.2\console-app-3.2.2.jar&quot;           &quot;[INFO] Installing C:\code\multi-module-maven-release-plugin\target\samples\deep-dependencies\2249c93c-dd01-49f2-a9d7-b25461c95474\console-app\pom.xml to C:\Users\Daniel\.m2\repository\com\github\danielflower\mavenplugins\testprojects\deepdependencies\console-app\3.2.2\console-app-3.2.2.pom&quot;           &quot;[INFO]                                                                         &quot;           &quot;[INFO] ------------------------------------------------------------------------&quot;           &quot;[INFO] Building deep-dependencies-aggregator 1.0.2&quot;           &quot;[INFO] ------------------------------------------------------------------------&quot;           &quot;[INFO] &quot;           &quot;[INFO] --- maven-install-plugin:2.4:install (default-install) @ deep-dependencies-aggregator ---&quot;           &quot;[INFO] Installing C:\code\multi-module-maven-release-plugin\target\samples\deep-dependencies\2249c93c-dd01-49f2-a9d7-b25461c95474\pom.xml to C:\Users\Daniel\.m2\repository\com\github\danielflower\mavenplugins\testprojects\deepdependencies\deep-dependencies-aggregator\1.0.2\deep-dependencies-aggregator-1.0.2.pom&quot;           &quot;[INFO] ------------------------------------------------------------------------&quot;           &quot;[INFO] Reactor Summary:&quot;           &quot;[INFO] &quot;           &quot;[INFO] parent-module ...................................... SUCCESS [  0.482 s]&quot;           &quot;[INFO] more-utils ......................................... SUCCESS [  2.032 s]&quot;           &quot;[INFO] The Core Utilities ................................. SUCCESS [  0.641 s]&quot;           &quot;[INFO] console-app ........................................ SUCCESS [  0.093 s]&quot;           &quot;[INFO] deep-dependencies-aggregator ....................... SUCCESS [  0.017 s]&quot;           &quot;[INFO] ------------------------------------------------------------------------&quot;           &quot;[INFO] BUILD SUCCESS&quot;           &quot;[INFO] ------------------------------------------------------------------------&quot;           &quot;[INFO] Total time: 3.484 s&quot;           &quot;[INFO] Finished at: 2017-01-25T22:33:47+08:00&quot;           &quot;[INFO] Final Memory: 12M/491M&quot;           &quot;[INFO] ------------------------------------------------------------------------&quot;           &quot;[INFO] ------------------------------------------------------------------------&quot;           &quot;[INFO] Reactor Summary:&quot;           &quot;[INFO] &quot;           &quot;[INFO] parent-module ...................................... SKIPPED&quot;           &quot;[INFO] more-utils ......................................... SKIPPED&quot;           &quot;[INFO] The Core Utilities ................................. SKIPPED&quot;           &quot;[INFO] console-app ........................................ SKIPPED&quot;           &quot;[INFO] deep-dependencies-aggregator ....................... SUCCESS [  8.557 s]&quot;           &quot;[INFO] ------------------------------------------------------------------------&quot;           &quot;[INFO] BUILD SUCCESS&quot;           &quot;[INFO] ------------------------------------------------------------------------&quot;           &quot;[INFO] Total time: 8.787 s&quot;           &quot;[INFO] Finished at: 2017-01-25T22:33:48+08:00&quot;           &quot;[INFO] Final Memory: 11M/373M&quot;           &quot;[INFO] ------------------------------------------------------------------------&quot;</td></tr>
<tr class="a">
<td></td>
<td>
<div id="ifThereHaveBeenNoChangesThenCanOptNotToReleaseAnythingerror">e2e.SkippingUnchangedModulesTest:84</div></td></tr></table><br /></div>
                  </div>
            </div>
          </div>

    <hr/>

    <footer>
            <div class="container-fluid">
              <div class="row span12">Copyright &copy;                   2015-2017.
          All Rights Reserved.      
                    
      </div>

        
        
                </div>
    </footer>
  </body>
</html>
